<!DOCTYPE HTML PUBLIC "-//W3C//DTD HTML 4.01 Transitional//EN" "http://www.w3.org/TR/html4/loose.dtd">
<HTML>
<HEAD>
<META http-equiv="Content-Type" content="text/html; charset=UTF-8">
<TITLE>Build/check report for BioC 3.17 - CHECK results for atena on kunpeng1</TITLE>
<LINK rel="stylesheet" href="../report.css" type="text/css">
<SCRIPT type="text/javascript" src="../report.js"></SCRIPT>
</HEAD>
<BODY onLoad="initialize();">
<TABLE class="grid_layout" style="width: 100%; background: #EEE;"><TR><TD style="text-align: left; padding: 5px; vertical-align: middle;"><I>Back to <B>Build/check report for BioC 3.17</B>:&nbsp;&nbsp;&nbsp;<A href="../">simplified</A>&nbsp;&nbsp;&nbsp;<A href="../long-report.html">long</A></I></TD><TD><TABLE class="abc_dispatcher"><TR><TD><B>[<A href="..#A">A</A>]</B></TD><TD><A href="..#B">B</A></TD><TD><A href="..#C">C</A></TD><TD><A href="..#D">D</A></TD><TD><A href="..#E">E</A></TD><TD><A href="..#F">F</A></TD><TD><A href="..#G">G</A></TD><TD><A href="..#H">H</A></TD><TD><A href="..#I">I</A></TD><TD><A href="..#J">J</A></TD><TD><A href="..#K">K</A></TD><TD><A href="..#L">L</A></TD><TD><A href="..#M">M</A></TD><TD><A href="..#N">N</A></TD><TD><A href="..#O">O</A></TD><TD><A href="..#P">P</A></TD><TD><A href="..#Q">Q</A></TD><TD><A href="..#R">R</A></TD><TD><A href="..#S">S</A></TD><TD><A href="..#T">T</A></TD><TD><A href="..#U">U</A></TD><TD><A href="..#V">V</A></TD><TD><A href="..#W">W</A></TD><TD><A href="..#X">X</A></TD><TD><A href="..#Y">Y</A></TD><TD><A href="..#Z">Z</A></TD></TR></TABLE></TD></TR></TABLE>
<P class="time_stamp">
This page was generated on 2023-03-27 05:50:29 -0000 (Mon, 27 Mar 2023).
</P>
<TABLE class="node_specs">
<TR><TH>Hostname</TH><TH>OS</TH><TH>Arch&nbsp;(*)</TH><TH>R&nbsp;version</TH><TH style="text-align: right;">Installed&nbsp;pkgs</TH></TR>
<TR class="kunpeng1"><TD><B><A href="../kunpeng1-NodeInfo.html"><B>kunpeng1</B></A></B></TD><TD>Linux&nbsp;(Ubuntu&nbsp;22.04.1&nbsp;LTS)</TD><TD>aarch64</TD><TD>R&nbsp;Under&nbsp;development&nbsp;(unstable)&nbsp;(2023-03-12&nbsp;r83975)&nbsp;--&nbsp;"Unsuffered&nbsp;Consequences"
</TD><TD style="text-align: right;"><A href="../kunpeng1-R-instpkgs.html">6083</A></TD></TR>
<TR><TD COLSPAN="5" style="font-size: smaller;"><I>Click on any hostname to see more info about the system (e.g. compilers) &nbsp;&nbsp;&nbsp;&nbsp; (*) as reported by 'uname -p', except on Windows and Mac OS X</I></TD></TR>
</TABLE>
<BR>
<H2><SPAN class="kunpeng1">CHECK results for atena on kunpeng1</SPAN></H2>
<BR>
<DIV class="motd">
<TABLE><TR><TD>
To the developers/maintainers of the atena package:<BR>
- Please allow up to 24 hours (and sometimes 48 hours) for your latest push to git@git.bioconductor.org:packages/atena.git to<BR>reflect on this report. See <A href="https://bioconductor.org/developers/how-to/troubleshoot-build-report/">How and When does the builder pull? When will my changes propagate?</A> for more information.<BR>
- Make sure to <A href="../Renviron.bioc">use the following settings</A> in order to reproduce any error or warning you see on this page.<BR>
</TD></TR></TABLE>
</DIV>
<P style="text-align: center;"><A href="raw-results/">raw results</A><P>
<TABLE class="gcard_list">
<TBODY class="gcard error">
<TR class="header"><TD class="leftmost top_left_corner"></TD><TD>Package <B>107</B>/2195</TD><TD style="width: 75px;">Hostname</TD><TD style="width: 225px;">OS&nbsp;/&nbsp;Arch</TD><TD class="STAGE install">INSTALL</TD><TD class="STAGE buildsrc">BUILD</TD><TD class="STAGE checksrc selected">CHECK</TD><TD class="STAGE buildbin">BUILD BIN</TD><TD style="width: 12px;"></TD><TD class="rightmost top_right_corner"></TD></TR>
<TR class="selected_row"><TD ROWSPAN="2" class="leftmost bottom_left_corner"></TD><TD ROWSPAN="1" style="vertical-align: top;"><B><A href="./">atena</A>&nbsp;1.5.10</B>&nbsp;&nbsp;<SPAN style="font-size: smaller; font-style: italic;">(<A href="/packages/3.17/atena">landing page</A>)</SPAN><BR>Beatriz Calvo-Serra<BR><TABLE class="svn_info">
<TR><TD class="svn_info">Snapshot&nbsp;Date:&nbsp;<SPAN class="svn_info">2023-03-24&nbsp;01:40:07&nbsp;-0000&nbsp;(Fri,&nbsp;24&nbsp;Mar&nbsp;2023)</SPAN></TD></TR>
<TR><TD class="svn_info">git_url:&nbsp;<SPAN class="svn_info">https://git.bioconductor.org/packages/atena</SPAN></TD></TR>
<TR><TD class="svn_info">git_branch:&nbsp;<SPAN class="svn_info">devel</SPAN></TD></TR>
<TR><TD class="svn_info">git_last_commit:&nbsp;<SPAN class="svn_info">36c06cc</SPAN></TD></TR>
<TR><TD class="svn_info">git_last_commit_date:&nbsp;<SPAN class="svn_info">2023-03-21&nbsp;17:40:17&nbsp;-0000&nbsp;(Tue,&nbsp;21&nbsp;Mar&nbsp;2023)</SPAN></TD></TR>
</TABLE>
</TD><TD class="kunpeng1 selected"><B>kunpeng1</B></TD><TD class="kunpeng1"><SPAN style="font-size: smaller;">Linux&nbsp;(Ubuntu&nbsp;22.04.1&nbsp;LTS)&nbsp;/&nbsp;aarch64</SPAN></TD><TD class="status kunpeng1 install"><A href="./kunpeng1-install.html" onmouseover="add_class_mouseover(this);" onmouseout="remove_class_mouseover(this);"><SPAN class="glyph OK">&nbsp;&nbsp;OK&nbsp;&nbsp;</SPAN></A></TD><TD class="status kunpeng1 buildsrc"><A href="./kunpeng1-buildsrc.html" onmouseover="add_class_mouseover(this);" onmouseout="remove_class_mouseover(this);"><SPAN class="glyph OK">&nbsp;&nbsp;OK&nbsp;&nbsp;</SPAN></A></TD><TD class="status kunpeng1 checksrc selected"><A href="./kunpeng1-checksrc.html" onmouseover="add_class_mouseover(this);" onmouseout="remove_class_mouseover(this);"><SPAN class="glyph ERROR">&nbsp;&nbsp;ERROR&nbsp;&nbsp;</SPAN></A></TD><TD class="status kunpeng1"></TD><TD class="status kunpeng1"></TD><TD ROWSPAN="2" class="rightmost bottom_right_corner"></TD></TR>
<TR class="footer"><TD COLSPAN="8"></TD></TR>
</TBODY>
</TABLE>
<HR>
<H3>Summary</H3>
<DIV class="kunpeng1 hscrollable">
<TABLE>
<TR><TD><B>Package</B>: atena</TD></TR>
<TR><TD><B>Version</B>: 1.5.10</TD></TR>
<TR><TD><B>Command</B>: /home/biocbuild/bbs-3.17-bioc/R/bin/R CMD check --install=check:atena.install-out.txt --library=/home/biocbuild/bbs-3.17-bioc/R/site-library --timings atena_1.5.10.tar.gz</TD></TR>
<TR><TD><B>StartedAt</B>: 2023-03-24 21:00:46 -0000 (Fri, 24 Mar 2023)</TD></TR>
<TR><TD><B>EndedAt</B>: 2023-03-24 21:08:10 -0000 (Fri, 24 Mar 2023)</TD></TR>
<TR><TD><B>EllapsedTime</B>: 444.1 seconds</TD></TR>
<TR><TD><B>RetCode</B>: 1</TD></TR>
<TR><TD><B>Status</B>: <SPAN class="glyph ERROR">&nbsp;&nbsp;ERROR&nbsp;&nbsp;</SPAN></TD></TR>
<TR><TD><B>CheckDir</B>: atena.Rcheck</TD></TR>
<TR><TD><B>Warnings</B>: NA</TD></TR>
</TABLE>
</DIV>
<HR>
<H3>Command output</H3>
<DIV class="kunpeng1 hscrollable">
<PRE style="padding: 3px;">
##############################################################################
##############################################################################
###
### Running command:
###
###   /home/biocbuild/bbs-3.17-bioc/R/bin/R CMD check --install=check:atena.install-out.txt --library=/home/biocbuild/bbs-3.17-bioc/R/site-library --timings atena_1.5.10.tar.gz
###
##############################################################################
##############################################################################


* using log directory ‘/home/biocbuild/bbs-3.17-bioc/meat/atena.Rcheck’
* using R Under development (unstable) (2023-03-12 r83975)
* using platform: aarch64-unknown-linux-gnu (64-bit)
* R was compiled by
    gcc (Ubuntu 11.3.0-1ubuntu1~22.04) 11.3.0
    GNU Fortran (Ubuntu 11.3.0-1ubuntu1~22.04) 11.3.0
* running under: Ubuntu 22.04.2 LTS
* using session charset: UTF-8
* checking for file ‘atena/DESCRIPTION’ ... OK
* checking extension type ... Package
* this is package ‘atena’ version ‘1.5.10’
* package encoding: UTF-8
* checking package namespace information ... OK
* checking package dependencies ... OK
* checking if this is a source package ... OK
* checking if there is a namespace ... OK
* checking for hidden files and directories ... OK
* checking for portable file names ... OK
* checking for sufficient/correct file permissions ... OK
* checking whether package ‘atena’ can be installed ... OK
* checking installed package size ... OK
* checking package directory ... OK
* checking ‘build’ directory ... OK
* checking DESCRIPTION meta-information ... OK
* checking top-level files ... OK
* checking for left-over files ... OK
* checking index information ... OK
* checking package subdirectories ... OK
* checking R files for non-ASCII characters ... OK
* checking R files for syntax errors ... OK
* checking whether the package can be loaded ... OK
* checking whether the package can be loaded with stated dependencies ... OK
* checking whether the package can be unloaded cleanly ... OK
* checking whether the namespace can be loaded with stated dependencies ... OK
* checking whether the namespace can be unloaded cleanly ... OK
* checking startup messages can be suppressed ... OK
* checking dependencies in R code ... OK
* checking S3 generic/method consistency ... OK
* checking replacement functions ... OK
* checking foreign function calls ... OK
* checking R code for possible problems ... OK
* checking Rd files ... OK
* checking Rd metadata ... OK
* checking Rd cross-references ... OK
* checking for missing documentation entries ... OK
* checking for code/documentation mismatches ... OK
* checking Rd \usage sections ... OK
* checking Rd contents ... OK
* checking for unstated dependencies in examples ... OK
* checking files in ‘vignettes’ ... OK
* checking examples ... ERROR
Running examples in ‘atena-Ex.R’ failed
The error most likely occurred in:

&gt; base::assign(&quot;.ptime&quot;, proc.time(), pos = &quot;CheckExEnv&quot;)
&gt; ### Name: annotaTEs
&gt; ### Title: Get RepeatMasker UCSC annotations
&gt; ### Aliases: annotaTEs
&gt; 
&gt; ### ** Examples
&gt; 
&gt; rmsk_gr &lt;- annotaTEs(genome = &quot;hg19&quot;, parsefun = rmskidentity)
snapshotDate(): 2023-03-21
loading from cache
Error: failed to load resource
  name: AH99002
  title: UCSC RepeatMasker annotations (Mar2020) for Human (hg19)
  reason: error reading from connection
Execution halted
* checking for unstated dependencies in ‘tests’ ... OK
* checking tests ...
  Running ‘runTests.R’
 ERROR
Running the tests in ‘tests/runTests.R’ failed.
Last 13 lines of output:
  1 Test Suite : 
  atena RUnit Tests - 13 test functions, 0 errors, 1 failure
  FAILURE in test_TEtranscripts: Error in checkEqualsNumeric(head(sort(assay(ttSE), decreasing = TRUE)),  : 
    Mean relative difference: 0.007352941
  
  
  Test files with failing tests
  
     test_TEtranscripts.R 
       test_TEtranscripts 
  
  
  Error in BiocGenerics:::testPackage(&quot;atena&quot;) : 
    unit tests failed for package atena
  Execution halted
* checking for unstated dependencies in vignettes ... OK
* checking package vignettes in ‘inst/doc’ ... OK
* checking running R code from vignettes ...
  ‘atena.Rmd’ using ‘UTF-8’... OK
 NONE
* checking re-building of vignette outputs ... OK
* checking PDF version of manual ... OK
* DONE

Status: 2 ERRORs
See
  ‘/home/biocbuild/bbs-3.17-bioc/meat/atena.Rcheck/00check.log’
for details.

</PRE>
</DIV><HR>
<H3>Installation output</H3>
<P><SPAN class="filename">atena.Rcheck/00install.out</SPAN></P>
<DIV class="kunpeng1 hscrollable">
<PRE style="padding: 3px;">
##############################################################################
##############################################################################
###
### Running command:
###
###   /home/biocbuild/bbs-3.17-bioc/R/bin/R CMD INSTALL atena
###
##############################################################################
##############################################################################


* installing to library ‘/home/biocbuild/bbs-3.17-bioc/R-devel_2023-03-12_r83975-bin/site-library’
* installing *source* package ‘atena’ ...
** using staged installation
** R
** inst
** byte-compile and prepare package for lazy loading
** help
*** installing help indices
** building package indices
** installing vignettes
** testing if installed package can be loaded from temporary location
** testing if installed package can be loaded from final location
** testing if installed package keeps a record of temporary installation path
* DONE (atena)
</PRE>
</DIV><HR>
<H3>Tests output</H3>
<P><SPAN class="filename fail">atena.Rcheck/tests/runTests.Rout.fail</SPAN></P>
<DIV class="kunpeng1 hscrollable">
<PRE style="padding: 3px;">

R Under development (unstable) (2023-03-12 r83975) -- &quot;Unsuffered Consequences&quot;
Copyright (C) 2023 The R Foundation for Statistical Computing
Platform: aarch64-unknown-linux-gnu (64-bit)

R is free software and comes with ABSOLUTELY NO WARRANTY.
You are welcome to redistribute it under certain conditions.
Type &#x27;license()&#x27; or &#x27;licence()&#x27; for distribution details.

R is a collaborative project with many contributors.
Type &#x27;contributors()&#x27; for more information and
&#x27;citation()&#x27; on how to cite R or R packages in publications.

Type &#x27;demo()&#x27; for some demos, &#x27;help()&#x27; for on-line help, or
&#x27;help.start()&#x27; for an HTML browser interface to help.
Type &#x27;q()&#x27; to quit R.

&gt; require(&quot;atena&quot;) || stop(&quot;unable to load atena package&quot;)
Loading required package: atena
Loading required package: SummarizedExperiment
Loading required package: MatrixGenerics
Loading required package: matrixStats

Attaching package: &#x27;MatrixGenerics&#x27;

The following objects are masked from &#x27;package:matrixStats&#x27;:

    colAlls, colAnyNAs, colAnys, colAvgsPerRowSet, colCollapse,
    colCounts, colCummaxs, colCummins, colCumprods, colCumsums,
    colDiffs, colIQRDiffs, colIQRs, colLogSumExps, colMadDiffs,
    colMads, colMaxs, colMeans2, colMedians, colMins, colOrderStats,
    colProds, colQuantiles, colRanges, colRanks, colSdDiffs, colSds,
    colSums2, colTabulates, colVarDiffs, colVars, colWeightedMads,
    colWeightedMeans, colWeightedMedians, colWeightedSds,
    colWeightedVars, rowAlls, rowAnyNAs, rowAnys, rowAvgsPerColSet,
    rowCollapse, rowCounts, rowCummaxs, rowCummins, rowCumprods,
    rowCumsums, rowDiffs, rowIQRDiffs, rowIQRs, rowLogSumExps,
    rowMadDiffs, rowMads, rowMaxs, rowMeans2, rowMedians, rowMins,
    rowOrderStats, rowProds, rowQuantiles, rowRanges, rowRanks,
    rowSdDiffs, rowSds, rowSums2, rowTabulates, rowVarDiffs, rowVars,
    rowWeightedMads, rowWeightedMeans, rowWeightedMedians,
    rowWeightedSds, rowWeightedVars

Loading required package: GenomicRanges
Loading required package: stats4
Loading required package: BiocGenerics

Attaching package: &#x27;BiocGenerics&#x27;

The following objects are masked from &#x27;package:stats&#x27;:

    IQR, mad, sd, var, xtabs

The following objects are masked from &#x27;package:base&#x27;:

    Filter, Find, Map, Position, Reduce, anyDuplicated, aperm, append,
    as.data.frame, basename, cbind, colnames, dirname, do.call,
    duplicated, eval, evalq, get, grep, grepl, intersect, is.unsorted,
    lapply, mapply, match, mget, order, paste, pmax, pmax.int, pmin,
    pmin.int, rank, rbind, rownames, sapply, setdiff, sort, table,
    tapply, union, unique, unsplit, which.max, which.min

Loading required package: S4Vectors

Attaching package: &#x27;S4Vectors&#x27;

The following objects are masked from &#x27;package:base&#x27;:

    I, expand.grid, unname

Loading required package: IRanges
Loading required package: GenomeInfoDb
Loading required package: Biobase
Welcome to Bioconductor

    Vignettes contain introductory material; view with
    &#x27;browseVignettes()&#x27;. To cite Bioconductor, see
    &#x27;citation(&quot;Biobase&quot;)&#x27;, and for packages &#x27;citation(&quot;pkgname&quot;)&#x27;.


Attaching package: &#x27;Biobase&#x27;

The following object is masked from &#x27;package:MatrixGenerics&#x27;:

    rowMedians

The following objects are masked from &#x27;package:matrixStats&#x27;:

    anyMissing, rowMedians

[1] TRUE
&gt; BiocGenerics:::testPackage(&quot;atena&quot;)
  |                                                                              |                                                                      |   0%  |                                                                              |===================================                                   |  50%  |                                                                              |======================================================================| 100%

  |                                                                              |                                                                      |   0%  |                                                                              |===================================                                   |  50%  |                                                                              |======================================================================| 100%

[1] &quot;integer&quot;
[1] 149 123
Timing stopped at: 1.481 1.45 4.317
Error in checkEqualsNumeric(head(sort(assay(ttSE), decreasing = TRUE)),  : 
  Mean relative difference: 0.007352941

  |                                                                              |                                                                      |   0%  |                                                                              |===================================                                   |  50%  |                                                                              |======================================================================| 100%

Loading required package: Biostrings
Loading required package: XVector

Attaching package: &#x27;Biostrings&#x27;

The following object is masked from &#x27;package:base&#x27;:

    strsplit


Attaching package: &#x27;Matrix&#x27;

The following object is masked from &#x27;package:S4Vectors&#x27;:

    expand



RUNIT TEST PROTOCOL -- Fri Mar 24 21:05:56 2023 
*********************************************** 
Number of test functions: 13 
Number of errors: 0 
Number of failures: 1 

 
1 Test Suite : 
atena RUnit Tests - 13 test functions, 0 errors, 1 failure
FAILURE in test_TEtranscripts: Error in checkEqualsNumeric(head(sort(assay(ttSE), decreasing = TRUE)),  : 
  Mean relative difference: 0.007352941


Test files with failing tests

   test_TEtranscripts.R 
     test_TEtranscripts 


Error in BiocGenerics:::testPackage(&quot;atena&quot;) : 
  unit tests failed for package atena
Execution halted
</PRE>
</DIV><HR>
<H3>Example timings</H3>
<P><SPAN class="filename">atena.Rcheck/atena-Ex.timings</SPAN></P>
<DIV class="kunpeng1 hscrollable">
<TABLE>
<TR><TD>name</TD><TD style="text-align: right;">user</TD><TD style="text-align: right;">system</TD><TD style="text-align: right;">elapsed
</TD><TR>
<TR><TD>ERVmapParam-class</TD><TD style="text-align: right;">0.156</TD><TD style="text-align: right;">0.000</TD><TD style="text-align: right;">0.160</TD><TD style="text-align: right;">
</TD><TR>
<TR><TD>OneCodeToFindThemAll</TD><TD style="text-align: right;">0</TD><TD style="text-align: right;">0</TD><TD style="text-align: right;">0</TD><TD style="text-align: right;">
</TD><TR>
<TR><TD>QuantifyParam-class</TD><TD style="text-align: right;">0.048</TD><TD style="text-align: right;">0.004</TD><TD style="text-align: right;">0.052</TD><TD style="text-align: right;">
</TD><TR>
<TR><TD>TEtranscriptsParam-class</TD><TD style="text-align: right;">0.039</TD><TD style="text-align: right;">0.004</TD><TD style="text-align: right;">0.042</TD><TD style="text-align: right;">
</TD><TR>
<TR><TD>TelescopeParam-class</TD><TD style="text-align: right;">1.019</TD><TD style="text-align: right;">0.000</TD><TD style="text-align: right;">1.020</TD><TD style="text-align: right;">
</TD><TR>
</TABLE>
</DIV></BODY>
</HTML>
