<!DOCTYPE HTML PUBLIC "-//W3C//DTD HTML 4.01 Transitional//EN" "http://www.w3.org/TR/html4/loose.dtd">
<HTML>
<HEAD>
<META http-equiv="Content-Type" content="text/html; charset=UTF-8">
<TITLE>Build/check report for BioC 3.17 - INSTALL results for NetPathMiner on kunpeng1</TITLE>
<LINK rel="stylesheet" href="../report.css" type="text/css">
<SCRIPT type="text/javascript" src="../report.js"></SCRIPT>
</HEAD>
<BODY onLoad="initialize();">
<TABLE class="grid_layout" style="width: 100%; background: #EEE;"><TR><TD style="text-align: left; padding: 5px; vertical-align: middle;"><I><A href="../index.html">Back to <B>Build/check report for BioC 3.17</B></A></I></TD><TD><TABLE class="abc_dispatcher"><TR><TD><A href="../index.html#A">A</A></TD><TD><A href="../index.html#B">B</A></TD><TD><A href="../index.html#C">C</A></TD><TD><A href="../index.html#D">D</A></TD><TD><A href="../index.html#E">E</A></TD><TD><A href="../index.html#F">F</A></TD><TD><A href="../index.html#G">G</A></TD><TD><A href="../index.html#H">H</A></TD><TD><A href="../index.html#I">I</A></TD><TD><A href="../index.html#J">J</A></TD><TD><A href="../index.html#K">K</A></TD><TD><A href="../index.html#L">L</A></TD><TD><A href="../index.html#M">M</A></TD><TD><B>[<A href="../index.html#N">N</A>]</B></TD><TD><A href="../index.html#O">O</A></TD><TD><A href="../index.html#P">P</A></TD><TD><A href="../index.html#Q">Q</A></TD><TD><A href="../index.html#R">R</A></TD><TD><A href="../index.html#S">S</A></TD><TD><A href="../index.html#T">T</A></TD><TD><A href="../index.html#U">U</A></TD><TD><A href="../index.html#V">V</A></TD><TD><A href="../index.html#W">W</A></TD><TD><A href="../index.html#X">X</A></TD><TD><A href="../index.html#Y">Y</A></TD><TD><A href="../index.html#Z">Z</A></TD></TR></TABLE></TD></TR></TABLE>
<P class="time_stamp">
This page was generated on 2023-02-03 02:36:12 -0000 (Fri, 03 Feb 2023).
</P>
<TABLE class="node_specs">
<TR><TH>Hostname</TH><TH>OS</TH><TH>Arch&nbsp;(*)</TH><TH>R&nbsp;version</TH><TH style="text-align: right;">Installed&nbsp;pkgs</TH></TR>
<TR class="kunpeng1"><TD><B><A href="../kunpeng1-NodeInfo.html"><B>kunpeng1</B></A></B></TD><TD>Linux&nbsp;(Ubuntu&nbsp;22.04.1&nbsp;LTS)</TD><TD>aarch64</TD><TD>R&nbsp;Under&nbsp;development&nbsp;(unstable)&nbsp;(2023-01-14&nbsp;r83615)&nbsp;--&nbsp;"Unsuffered&nbsp;Consequences"
</TD><TD style="text-align: right;"><A href="../kunpeng1-R-instpkgs.html">4039</A></TD></TR>
<TR><TD COLSPAN="5" style="font-size: smaller;"><I>Click on any hostname to see more info about the system (e.g. compilers) &nbsp;&nbsp;&nbsp;&nbsp; (*) as reported by 'uname -p', except on Windows and Mac OS X</I></TD></TR>
</TABLE>
<BR>
<H2><SPAN class="kunpeng1">INSTALL results for NetPathMiner on kunpeng1</SPAN></H2>
<BR>
<DIV class="motd">
<TABLE><TR><TD>
To the developers/maintainers of the NetPathMiner package:<BR>
- Please allow up to 24 hours (and sometimes 48 hours) for your latest push to git@git.bioconductor.org:packages/NetPathMiner.git to<BR>reflect on this report. See <A href="https://bioconductor.org/developers/how-to/troubleshoot-build-report/">How and When does the builder pull? When will my changes propagate?</A> for more information.<BR>
- Make sure to <A href="../Renviron.bioc">use the following settings</A> in order to reproduce any error or warning you see on this page.<BR>
</TD></TR></TABLE>
</DIV>
<P style="text-align: center;"><A href="raw-results/">raw results</A><P>
<TABLE class="gcard_list">
<TBODY class="gcard error">
<TR class="header"><TD class="leftmost top_left_corner"></TD><TD>Package <B>1334</B>/2164</TD><TD style="width: 75px;">Hostname</TD><TD style="width: 225px;">OS&nbsp;/&nbsp;Arch</TD><TD class="STAGE install selected">INSTALL</TD><TD class="STAGE buildsrc">BUILD</TD><TD class="STAGE checksrc">CHECK</TD><TD class="STAGE buildbin">BUILD BIN</TD><TD style="width: 12px;"></TD><TD class="rightmost top_right_corner"></TD></TR>
<TR class="selected_row"><TD ROWSPAN="2" class="leftmost bottom_left_corner"></TD><TD ROWSPAN="1" style="vertical-align: top;"><B><A href="./">NetPathMiner</A>&nbsp;1.35.0</B>&nbsp;&nbsp;<SPAN style="font-size: smaller; font-style: italic;">(<A href="/packages/3.17/NetPathMiner">landing page</A>)</SPAN><BR>Ahmed Mohamed<BR><TABLE class="svn_info">
<TR><TD class="svn_info">Snapshot&nbsp;Date:&nbsp;<SPAN class="svn_info">2023-02-01&nbsp;03:13:00&nbsp;-0000&nbsp;(Wed,&nbsp;01&nbsp;Feb&nbsp;2023)</SPAN></TD></TR>
<TR><TD class="svn_info">git_url:&nbsp;<SPAN class="svn_info">https://git.bioconductor.org/packages/NetPathMiner</SPAN></TD></TR>
<TR><TD class="svn_info">git_branch:&nbsp;<SPAN class="svn_info">master</SPAN></TD></TR>
<TR><TD class="svn_info">git_last_commit:&nbsp;<SPAN class="svn_info">a63f5ee</SPAN></TD></TR>
<TR><TD class="svn_info">git_last_commit_date:&nbsp;<SPAN class="svn_info">2022-11-01&nbsp;15:09:39&nbsp;-0000&nbsp;(Tue,&nbsp;01&nbsp;Nov&nbsp;2022)</SPAN></TD></TR>
</TABLE>
</TD><TD class="kunpeng1 selected"><B>kunpeng1</B></TD><TD class="kunpeng1"><SPAN style="font-size: smaller;">Linux&nbsp;(Ubuntu&nbsp;22.04.1&nbsp;LTS)&nbsp;/&nbsp;aarch64</SPAN></TD><TD class="status kunpeng1 install selected"><A href="./kunpeng1-install.html" onmouseover="add_class_mouseover(this);" onmouseout="remove_class_mouseover(this);"><SPAN class="glyph ERROR">&nbsp;&nbsp;ERROR&nbsp;&nbsp;</SPAN></A></TD><TD class="status kunpeng1 buildsrc"><A href="./kunpeng1-buildsrc.html" onmouseover="add_class_mouseover(this);" onmouseout="remove_class_mouseover(this);"><SPAN class="glyph ERROR">&nbsp;&nbsp;ERROR&nbsp;&nbsp;</SPAN></A></TD><TD class="status kunpeng1 checksrc"><SPAN class="glyph skipped">skipped</SPAN></TD><TD class="status kunpeng1"></TD><TD class="status kunpeng1"></TD><TD ROWSPAN="2" class="rightmost bottom_right_corner"></TD></TR>
<TR class="footer"><TD COLSPAN="8"></TD></TR>
</TBODY>
</TABLE>
<HR>
<H3>Summary</H3>
<DIV class="kunpeng1 hscrollable">
<TABLE>
<TR><TD><B>Package</B>: NetPathMiner</TD></TR>
<TR><TD><B>Version</B>: 1.35.0</TD></TR>
<TR><TD><B>Command</B>: /home/biocbuild/bbs-3.17-bioc/R/bin/R CMD INSTALL NetPathMiner</TD></TR>
<TR><TD><B>StartedAt</B>: 2023-02-01 06:51:03 -0000 (Wed, 01 Feb 2023)</TD></TR>
<TR><TD><B>EndedAt</B>: 2023-02-01 06:51:08 -0000 (Wed, 01 Feb 2023)</TD></TR>
<TR><TD><B>EllapsedTime</B>: 5.2 seconds</TD></TR>
<TR><TD><B>RetCode</B>: 1</TD></TR>
<TR><TD><B>Status</B>: <SPAN class="glyph ERROR">&nbsp;&nbsp;ERROR&nbsp;&nbsp;</SPAN></TD></TR>
</TABLE>
</DIV>
<HR>
<H3>Command output</H3>
<DIV class="kunpeng1 hscrollable">
<PRE style="padding: 3px;">
##############################################################################
##############################################################################
###
### Running command:
###
###   /home/biocbuild/bbs-3.17-bioc/R/bin/R CMD INSTALL NetPathMiner
###
##############################################################################
##############################################################################


* installing to library ‘/home/biocbuild/bbs-3.17-bioc/R/library’
* installing *source* package ‘NetPathMiner’ ...
** using staged installation
&#x27;config&#x27; variable &#x27;CPP&#x27; is defunct
checking for gcc... gcc
checking whether the C compiler works... yes
checking for C compiler default output file name... a.out
checking for suffix of executables... 
checking whether we are cross compiling... no
checking for suffix of object files... o
checking whether we are using the GNU C compiler... yes
checking whether gcc accepts -g... yes
checking for gcc option to accept ISO C89... none needed
checking how to run the C preprocessor... gcc -E
checking for xmlParseFile in -lxml2... yes
checking for readSBML in -lsbml... yes
untarring boost include tree...
libSBML found, finding configuration...
pkg-config tool found
libsbml.pc found. Using pkg-config to extract it.
checking for xml2-config... /usr/bin/xml2-config
configure: creating ./config.status
config.status: creating src/Makevars
** libs
using C compiler: ‘gcc (Ubuntu 11.3.0-1ubuntu1~22.04) 11.3.0’
using C++ compiler: ‘g++ (Ubuntu 11.3.0-1ubuntu1~22.04) 11.3.0’
g++ -std=gnu++14  -I&quot;/home/biocbuild/bbs-3.17-bioc/R/include&quot; -DNDEBUG   -I/usr/local/include   -I . -I/usr/local/include -DHAVE_XML -I/usr/include/libxml2 -DHAVE_SBML -I/usr/include/libxml2 -fPIC  -g -O2  -Wall  -c PathRanker.cpp -o PathRanker.o
PathRanker.cpp:18: warning: ignoring ‘#pragma clang diagnostic’ [-Wunknown-pragmas]
   18 | #pragma clang diagnostic push
      | 
PathRanker.cpp:19: warning: ignoring ‘#pragma clang diagnostic’ [-Wunknown-pragmas]
   19 | #pragma clang diagnostic ignored &quot;-Wunused-local-typedef&quot;
      | 
PathRanker.cpp:29: warning: ignoring ‘#pragma clang diagnostic’ [-Wunknown-pragmas]
   29 | #pragma clang diagnostic pop
      | 
PathRanker.cpp:17:32: warning: unknown option after ‘#pragma GCC diagnostic’ kind [-Wpragmas]
   17 | #pragma GCC diagnostic ignored &quot;-Wunused-local-typedef&quot;
      |                                ^~~~~~~~~~~~~~~~~~~~~~~~
PathRanker.cpp:17:32: note: did you mean ‘-Wunused-local-typedefs’?
In file included from ./boost/tuple/tuple.hpp:33,
                 from ./boost/graph/graph_utility.hpp:19,
                 from PathRanker.cpp:23:
./boost/tuple/detail/tuple_basic.hpp: In function ‘typename boost::tuples::access_traits&lt;typename boost::tuples::element&lt;N, boost::tuples::cons&lt;HT, TT&gt; &gt;::type&gt;::const_type boost::tuples::get(const boost::tuples::cons&lt;HT, TT&gt;&amp;)’:
./boost/tuple/detail/tuple_basic.hpp:228:45: warning: typedef ‘cons_element’ locally defined but not used [-Wunused-local-typedefs]
  228 |   typedef BOOST_DEDUCED_TYPENAME impl::type cons_element;
      |                                             ^~~~~~~~~~~~
In file included from ./boost/mpl/aux_/na_assert.hpp:23,
                 from ./boost/mpl/arg.hpp:25,
                 from ./boost/mpl/placeholders.hpp:24,
                 from ./boost/iterator/iterator_categories.hpp:17,
                 from ./boost/graph/graph_traits.hpp:25,
                 from ./boost/graph/graph_utility.hpp:29,
                 from PathRanker.cpp:23:
./boost/mpl/assert.hpp: At global scope:
./boost/mpl/assert.hpp:187:21: warning: unnecessary parentheses in declaration of ‘assert_arg’ [-Wparentheses]
  187 | failed ************ (Pred::************
      |                     ^~~~~~~~~~~~~~~~~~~
  188 |       assert_arg( void (*)(Pred), typename assert_arg_pred&lt;Pred&gt;::type )
      |       ~~~~~~~~~~~~~~~~~~~~~~~~~~~~~~~~~~~~~~~~~~~~~~~~~~~~~~~~~~~~~~~~~~
  189 |     );
      |     ~                
./boost/mpl/assert.hpp:187:21: note: remove parentheses
  187 | failed ************ (Pred::************
      |                     ^~~~~~~~~~~~~~~~~~~
      |                     -
  188 |       assert_arg( void (*)(Pred), typename assert_arg_pred&lt;Pred&gt;::type )
      |       ~~~~~~~~~~~~~~~~~~~~~~~~~~~~~~~~~~~~~~~~~~~~~~~~~~~~~~~~~~~~~~~~~~
  189 |     );
      |     ~                
      |     -
./boost/mpl/assert.hpp:192:21: warning: unnecessary parentheses in declaration of ‘assert_not_arg’ [-Wparentheses]
  192 | failed ************ (boost::mpl::not_&lt;Pred&gt;::************
      |                     ^~~~~~~~~~~~~~~~~~~~~~~~~~~~~~~~~~~~~
  193 |       assert_not_arg( void (*)(Pred), typename assert_arg_pred_not&lt;Pred&gt;::type )
      |       ~~~~~~~~~~~~~~~~~~~~~~~~~~~~~~~~~~~~~~~~~~~~~~~~~~~~~~~~~~~~~~~~~~~~~~~~~~
  194 |     );
      |     ~                
./boost/mpl/assert.hpp:192:21: note: remove parentheses
  192 | failed ************ (boost::mpl::not_&lt;Pred&gt;::************
      |                     ^~~~~~~~~~~~~~~~~~~~~~~~~~~~~~~~~~~~~
      |                     -
  193 |       assert_not_arg( void (*)(Pred), typename assert_arg_pred_not&lt;Pred&gt;::type )
      |       ~~~~~~~~~~~~~~~~~~~~~~~~~~~~~~~~~~~~~~~~~~~~~~~~~~~~~~~~~~~~~~~~~~~~~~~~~~
  194 |     );
      |     ~                
      |     -
In file included from ./boost/mpl/aux_/integral_wrapper.hpp:22,
                 from ./boost/mpl/int.hpp:20,
                 from ./boost/type_traits/detail/template_arity_spec.hpp:10,
                 from ./boost/type_traits/detail/type_trait_def.hpp:14,
                 from ./boost/type_traits/add_const.hpp:16,
                 from ./boost/type_traits/cv_traits.hpp:15,
                 from ./boost/tuple/detail/tuple_basic.hpp:38,
                 from ./boost/tuple/tuple.hpp:33,
                 from ./boost/graph/graph_utility.hpp:19,
                 from PathRanker.cpp:23:
./boost/concept_check.hpp: In function ‘void boost::function_requires(Model*)’:
./boost/concept/detail/general.hpp:71:20: warning: typedef ‘boost_concept_check45’ locally defined but not used [-Wunused-local-typedefs]
   71 |       BOOST_PP_CAT(boost_concept_check,__LINE__)
      |                    ^~~~~~~~~~~~~~~~~~~
./boost/preprocessor/cat.hpp:29:34: note: in definition of macro ‘BOOST_PP_CAT_I’
   29 | #    define BOOST_PP_CAT_I(a, b) a ## b
      |                                  ^
./boost/concept/detail/general.hpp:71:7: note: in expansion of macro ‘BOOST_PP_CAT’
   71 |       BOOST_PP_CAT(boost_concept_check,__LINE__)
      |       ^~~~~~~~~~~~
./boost/concept/assert.hpp:44:5: note: in expansion of macro ‘BOOST_CONCEPT_ASSERT_FN’
   44 |     BOOST_CONCEPT_ASSERT_FN(void(*)ModelInParens)
      |     ^~~~~~~~~~~~~~~~~~~~~~~
./boost/concept_check.hpp:45:7: note: in expansion of macro ‘BOOST_CONCEPT_ASSERT’
   45 |       BOOST_CONCEPT_ASSERT((Model));
      |       ^~~~~~~~~~~~~~~~~~~~
./boost/concept_check.hpp: In destructor ‘boost::AdaptableGenerator&lt;Func, Return&gt;::~AdaptableGenerator()’:
./boost/concept/detail/general.hpp:71:20: warning: typedef ‘boost_concept_check453’ locally defined but not used [-Wunused-local-typedefs]
   71 |       BOOST_PP_CAT(boost_concept_check,__LINE__)
      |                    ^~~~~~~~~~~~~~~~~~~
./boost/preprocessor/cat.hpp:29:34: note: in definition of macro ‘BOOST_PP_CAT_I’
   29 | #    define BOOST_PP_CAT_I(a, b) a ## b
      |                                  ^
./boost/concept/detail/general.hpp:71:7: note: in expansion of macro ‘BOOST_PP_CAT’
   71 |       BOOST_PP_CAT(boost_concept_check,__LINE__)
      |       ^~~~~~~~~~~~
./boost/concept/assert.hpp:44:5: note: in expansion of macro ‘BOOST_CONCEPT_ASSERT_FN’
   44 |     BOOST_CONCEPT_ASSERT_FN(void(*)ModelInParens)
      |     ^~~~~~~~~~~~~~~~~~~~~~~
./boost/concept_check.hpp:453:11: note: in expansion of macro ‘BOOST_CONCEPT_ASSERT’
  453 |           BOOST_CONCEPT_ASSERT((Convertible&lt;result_type, Return&gt;));
      |           ^~~~~~~~~~~~~~~~~~~~
./boost/concept_check.hpp: In destructor ‘boost::AdaptableUnaryFunction&lt;Func, Return, Arg&gt;::~AdaptableUnaryFunction()’:
./boost/concept/detail/general.hpp:71:20: warning: typedef ‘boost_concept_check465’ locally defined but not used [-Wunused-local-typedefs]
   71 |       BOOST_PP_CAT(boost_concept_check,__LINE__)
      |                    ^~~~~~~~~~~~~~~~~~~
./boost/preprocessor/cat.hpp:29:34: note: in definition of macro ‘BOOST_PP_CAT_I’
   29 | #    define BOOST_PP_CAT_I(a, b) a ## b
      |                                  ^
./boost/concept/detail/general.hpp:71:7: note: in expansion of macro ‘BOOST_PP_CAT’
   71 |       BOOST_PP_CAT(boost_concept_check,__LINE__)
      |       ^~~~~~~~~~~~
./boost/concept/assert.hpp:44:5: note: in expansion of macro ‘BOOST_CONCEPT_ASSERT_FN’
   44 |     BOOST_CONCEPT_ASSERT_FN(void(*)ModelInParens)
      |     ^~~~~~~~~~~~~~~~~~~~~~~
./boost/concept_check.hpp:465:11: note: in expansion of macro ‘BOOST_CONCEPT_ASSERT’
  465 |           BOOST_CONCEPT_ASSERT((Convertible&lt;result_type, Return&gt;));
      |           ^~~~~~~~~~~~~~~~~~~~
./boost/concept/detail/general.hpp:71:20: warning: typedef ‘boost_concept_check466’ locally defined but not used [-Wunused-local-typedefs]
   71 |       BOOST_PP_CAT(boost_concept_check,__LINE__)
      |                    ^~~~~~~~~~~~~~~~~~~
./boost/preprocessor/cat.hpp:29:34: note: in definition of macro ‘BOOST_PP_CAT_I’
   29 | #    define BOOST_PP_CAT_I(a, b) a ## b
      |                                  ^
./boost/concept/detail/general.hpp:71:7: note: in expansion of macro ‘BOOST_PP_CAT’
   71 |       BOOST_PP_CAT(boost_concept_check,__LINE__)
      |       ^~~~~~~~~~~~
./boost/concept/assert.hpp:44:5: note: in expansion of macro ‘BOOST_CONCEPT_ASSERT_FN’
   44 |     BOOST_CONCEPT_ASSERT_FN(void(*)ModelInParens)
      |     ^~~~~~~~~~~~~~~~~~~~~~~
./boost/concept_check.hpp:466:11: note: in expansion of macro ‘BOOST_CONCEPT_ASSERT’
  466 |           BOOST_CONCEPT_ASSERT((Convertible&lt;Arg, argument_type&gt;));
      |           ^~~~~~~~~~~~~~~~~~~~
./boost/concept_check.hpp: In destructor ‘boost::AdaptableBinaryFunction&lt;Func, Return, First, Second&gt;::~AdaptableBinaryFunction()’:
./boost/concept/detail/general.hpp:71:20: warning: typedef ‘boost_concept_check484’ locally defined but not used [-Wunused-local-typedefs]
   71 |       BOOST_PP_CAT(boost_concept_check,__LINE__)
      |                    ^~~~~~~~~~~~~~~~~~~
./boost/preprocessor/cat.hpp:29:34: note: in definition of macro ‘BOOST_PP_CAT_I’
   29 | #    define BOOST_PP_CAT_I(a, b) a ## b
      |                                  ^
./boost/concept/detail/general.hpp:71:7: note: in expansion of macro ‘BOOST_PP_CAT’
   71 |       BOOST_PP_CAT(boost_concept_check,__LINE__)
      |       ^~~~~~~~~~~~
./boost/concept/assert.hpp:44:5: note: in expansion of macro ‘BOOST_CONCEPT_ASSERT_FN’
   44 |     BOOST_CONCEPT_ASSERT_FN(void(*)ModelInParens)
      |     ^~~~~~~~~~~~~~~~~~~~~~~
./boost/concept_check.hpp:484:11: note: in expansion of macro ‘BOOST_CONCEPT_ASSERT’
  484 |           BOOST_CONCEPT_ASSERT((Convertible&lt;result_type, Return&gt;));
      |           ^~~~~~~~~~~~~~~~~~~~
./boost/concept/detail/general.hpp:71:20: warning: typedef ‘boost_concept_check485’ locally defined but not used [-Wunused-local-typedefs]
   71 |       BOOST_PP_CAT(boost_concept_check,__LINE__)
      |                    ^~~~~~~~~~~~~~~~~~~
./boost/preprocessor/cat.hpp:29:34: note: in definition of macro ‘BOOST_PP_CAT_I’
   29 | #    define BOOST_PP_CAT_I(a, b) a ## b
      |                                  ^
./boost/concept/detail/general.hpp:71:7: note: in expansion of macro ‘BOOST_PP_CAT’
   71 |       BOOST_PP_CAT(boost_concept_check,__LINE__)
      |       ^~~~~~~~~~~~
./boost/concept/assert.hpp:44:5: note: in expansion of macro ‘BOOST_CONCEPT_ASSERT_FN’
   44 |     BOOST_CONCEPT_ASSERT_FN(void(*)ModelInParens)
      |     ^~~~~~~~~~~~~~~~~~~~~~~
./boost/concept_check.hpp:485:11: note: in expansion of macro ‘BOOST_CONCEPT_ASSERT’
  485 |           BOOST_CONCEPT_ASSERT((Convertible&lt;First, first_argument_type&gt;));
      |           ^~~~~~~~~~~~~~~~~~~~
./boost/concept/detail/general.hpp:71:20: warning: typedef ‘boost_concept_check486’ locally defined but not used [-Wunused-local-typedefs]
   71 |       BOOST_PP_CAT(boost_concept_check,__LINE__)
      |                    ^~~~~~~~~~~~~~~~~~~
./boost/preprocessor/cat.hpp:29:34: note: in definition of macro ‘BOOST_PP_CAT_I’
   29 | #    define BOOST_PP_CAT_I(a, b) a ## b
      |                                  ^
./boost/concept/detail/general.hpp:71:7: note: in expansion of macro ‘BOOST_PP_CAT’
   71 |       BOOST_PP_CAT(boost_concept_check,__LINE__)
      |       ^~~~~~~~~~~~
./boost/concept/assert.hpp:44:5: note: in expansion of macro ‘BOOST_CONCEPT_ASSERT_FN’
   44 |     BOOST_CONCEPT_ASSERT_FN(void(*)ModelInParens)
      |     ^~~~~~~~~~~~~~~~~~~~~~~
./boost/concept_check.hpp:486:11: note: in expansion of macro ‘BOOST_CONCEPT_ASSERT’
  486 |           BOOST_CONCEPT_ASSERT((Convertible&lt;Second, second_argument_type&gt;));
      |           ^~~~~~~~~~~~~~~~~~~~
./boost/concept_check.hpp: In destructor ‘boost::InputIterator&lt;TT&gt;::~InputIterator()’:
./boost/concept/detail/general.hpp:71:20: warning: typedef ‘boost_concept_check517’ locally defined but not used [-Wunused-local-typedefs]
   71 |       BOOST_PP_CAT(boost_concept_check,__LINE__)
      |                    ^~~~~~~~~~~~~~~~~~~
./boost/preprocessor/cat.hpp:29:34: note: in definition of macro ‘BOOST_PP_CAT_I’
   29 | #    define BOOST_PP_CAT_I(a, b) a ## b
      |                                  ^
./boost/concept/detail/general.hpp:71:7: note: in expansion of macro ‘BOOST_PP_CAT’
   71 |       BOOST_PP_CAT(boost_concept_check,__LINE__)
      |       ^~~~~~~~~~~~
./boost/concept/assert.hpp:44:5: note: in expansion of macro ‘BOOST_CONCEPT_ASSERT_FN’
   44 |     BOOST_CONCEPT_ASSERT_FN(void(*)ModelInParens)
      |     ^~~~~~~~~~~~~~~~~~~~~~~
./boost/concept_check.hpp:517:9: note: in expansion of macro ‘BOOST_CONCEPT_ASSERT’
  517 |         BOOST_CONCEPT_ASSERT((SignedInteger&lt;difference_type&gt;));
      |         ^~~~~~~~~~~~~~~~~~~~
./boost/concept/detail/general.hpp:71:20: warning: typedef ‘boost_concept_check518’ locally defined but not used [-Wunused-local-typedefs]
   71 |       BOOST_PP_CAT(boost_concept_check,__LINE__)
      |                    ^~~~~~~~~~~~~~~~~~~
./boost/preprocessor/cat.hpp:29:34: note: in definition of macro ‘BOOST_PP_CAT_I’
   29 | #    define BOOST_PP_CAT_I(a, b) a ## b
      |                                  ^
./boost/concept/detail/general.hpp:71:7: note: in expansion of macro ‘BOOST_PP_CAT’
   71 |       BOOST_PP_CAT(boost_concept_check,__LINE__)
      |       ^~~~~~~~~~~~
./boost/concept/assert.hpp:44:5: note: in expansion of macro ‘BOOST_CONCEPT_ASSERT_FN’
   44 |     BOOST_CONCEPT_ASSERT_FN(void(*)ModelInParens)
      |     ^~~~~~~~~~~~~~~~~~~~~~~
./boost/concept_check.hpp:518:9: note: in expansion of macro ‘BOOST_CONCEPT_ASSERT’
  518 |         BOOST_CONCEPT_ASSERT((Convertible&lt;iterator_category, std::input_iterator_tag&gt;));
      |         ^~~~~~~~~~~~~~~~~~~~
./boost/concept_check.hpp: In destructor ‘boost::ForwardIterator&lt;TT&gt;::~ForwardIterator()’:
./boost/concept/detail/general.hpp:71:20: warning: typedef ‘boost_concept_check548’ locally defined but not used [-Wunused-local-typedefs]
   71 |       BOOST_PP_CAT(boost_concept_check,__LINE__)
      |                    ^~~~~~~~~~~~~~~~~~~
./boost/preprocessor/cat.hpp:29:34: note: in definition of macro ‘BOOST_PP_CAT_I’
   29 | #    define BOOST_PP_CAT_I(a, b) a ## b
      |                                  ^
./boost/concept/detail/general.hpp:71:7: note: in expansion of macro ‘BOOST_PP_CAT’
   71 |       BOOST_PP_CAT(boost_concept_check,__LINE__)
      |       ^~~~~~~~~~~~
./boost/concept/assert.hpp:44:5: note: in expansion of macro ‘BOOST_CONCEPT_ASSERT_FN’
   44 |     BOOST_CONCEPT_ASSERT_FN(void(*)ModelInParens)
      |     ^~~~~~~~~~~~~~~~~~~~~~~
./boost/concept_check.hpp:548:11: note: in expansion of macro ‘BOOST_CONCEPT_ASSERT’
  548 |           BOOST_CONCEPT_ASSERT((Convertible&lt;
      |           ^~~~~~~~~~~~~~~~~~~~
./boost/concept_check.hpp: In destructor ‘boost::BidirectionalIterator&lt;TT&gt;::~BidirectionalIterator()’:
./boost/concept/detail/general.hpp:71:20: warning: typedef ‘boost_concept_check576’ locally defined but not used [-Wunused-local-typedefs]
   71 |       BOOST_PP_CAT(boost_concept_check,__LINE__)
      |                    ^~~~~~~~~~~~~~~~~~~
./boost/preprocessor/cat.hpp:29:34: note: in definition of macro ‘BOOST_PP_CAT_I’
   29 | #    define BOOST_PP_CAT_I(a, b) a ## b
      |                                  ^
./boost/concept/detail/general.hpp:71:7: note: in expansion of macro ‘BOOST_PP_CAT’
   71 |       BOOST_PP_CAT(boost_concept_check,__LINE__)
      |       ^~~~~~~~~~~~
./boost/concept/assert.hpp:44:5: note: in expansion of macro ‘BOOST_CONCEPT_ASSERT_FN’
   44 |     BOOST_CONCEPT_ASSERT_FN(void(*)ModelInParens)
      |     ^~~~~~~~~~~~~~~~~~~~~~~
./boost/concept_check.hpp:576:11: note: in expansion of macro ‘BOOST_CONCEPT_ASSERT’
  576 |           BOOST_CONCEPT_ASSERT((Convertible&lt;
      |           ^~~~~~~~~~~~~~~~~~~~
./boost/concept_check.hpp: In destructor ‘boost::RandomAccessIterator&lt;TT&gt;::~RandomAccessIterator()’:
./boost/concept/detail/general.hpp:71:20: warning: typedef ‘boost_concept_check606’ locally defined but not used [-Wunused-local-typedefs]
   71 |       BOOST_PP_CAT(boost_concept_check,__LINE__)
      |                    ^~~~~~~~~~~~~~~~~~~
./boost/preprocessor/cat.hpp:29:34: note: in definition of macro ‘BOOST_PP_CAT_I’
   29 | #    define BOOST_PP_CAT_I(a, b) a ## b
      |                                  ^
./boost/concept/detail/general.hpp:71:7: note: in expansion of macro ‘BOOST_PP_CAT’
   71 |       BOOST_PP_CAT(boost_concept_check,__LINE__)
      |       ^~~~~~~~~~~~
./boost/concept/assert.hpp:44:5: note: in expansion of macro ‘BOOST_CONCEPT_ASSERT_FN’
   44 |     BOOST_CONCEPT_ASSERT_FN(void(*)ModelInParens)
      |     ^~~~~~~~~~~~~~~~~~~~~~~
./boost/concept_check.hpp:606:11: note: in expansion of macro ‘BOOST_CONCEPT_ASSERT’
  606 |           BOOST_CONCEPT_ASSERT((Convertible&lt;
      |           ^~~~~~~~~~~~~~~~~~~~
./boost/concept_check.hpp: In destructor ‘boost::Container&lt;C&gt;::~Container()’:
./boost/concept/detail/general.hpp:71:20: warning: typedef ‘boost_concept_check653’ locally defined but not used [-Wunused-local-typedefs]
   71 |       BOOST_PP_CAT(boost_concept_check,__LINE__)
      |                    ^~~~~~~~~~~~~~~~~~~
./boost/preprocessor/cat.hpp:29:34: note: in definition of macro ‘BOOST_PP_CAT_I’
   29 | #    define BOOST_PP_CAT_I(a, b) a ## b
      |                                  ^
./boost/concept/detail/general.hpp:71:7: note: in expansion of macro ‘BOOST_PP_CAT’
   71 |       BOOST_PP_CAT(boost_concept_check,__LINE__)
      |       ^~~~~~~~~~~~
./boost/concept/assert.hpp:44:5: note: in expansion of macro ‘BOOST_CONCEPT_ASSERT_FN’
   44 |     BOOST_CONCEPT_ASSERT_FN(void(*)ModelInParens)
      |     ^~~~~~~~~~~~~~~~~~~~~~~
./boost/concept_check.hpp:653:11: note: in expansion of macro ‘BOOST_CONCEPT_ASSERT’
  653 |           BOOST_CONCEPT_ASSERT((InputIterator&lt;const_iterator&gt;));
      |           ^~~~~~~~~~~~~~~~~~~~
./boost/concept_check.hpp: In destructor ‘boost::Mutable_Container&lt;C&gt;::~Mutable_Container()’:
./boost/concept/detail/general.hpp:71:20: warning: typedef ‘boost_concept_check680’ locally defined but not used [-Wunused-local-typedefs]
   71 |       BOOST_PP_CAT(boost_concept_check,__LINE__)
      |                    ^~~~~~~~~~~~~~~~~~~
./boost/preprocessor/cat.hpp:29:34: note: in definition of macro ‘BOOST_PP_CAT_I’
   29 | #    define BOOST_PP_CAT_I(a, b) a ## b
      |                                  ^
./boost/concept/detail/general.hpp:71:7: note: in expansion of macro ‘BOOST_PP_CAT’
   71 |       BOOST_PP_CAT(boost_concept_check,__LINE__)
      |       ^~~~~~~~~~~~
./boost/concept/assert.hpp:44:5: note: in expansion of macro ‘BOOST_CONCEPT_ASSERT_FN’
   44 |     BOOST_CONCEPT_ASSERT_FN(void(*)ModelInParens)
      |     ^~~~~~~~~~~~~~~~~~~~~~~
./boost/concept_check.hpp:680:11: note: in expansion of macro ‘BOOST_CONCEPT_ASSERT’
  680 |           BOOST_CONCEPT_ASSERT((
      |           ^~~~~~~~~~~~~~~~~~~~
./boost/concept/detail/general.hpp:71:20: warning: typedef ‘boost_concept_check683’ locally defined but not used [-Wunused-local-typedefs]
   71 |       BOOST_PP_CAT(boost_concept_check,__LINE__)
      |                    ^~~~~~~~~~~~~~~~~~~
./boost/preprocessor/cat.hpp:29:34: note: in definition of macro ‘BOOST_PP_CAT_I’
   29 | #    define BOOST_PP_CAT_I(a, b) a ## b
      |                                  ^
./boost/concept/detail/general.hpp:71:7: note: in expansion of macro ‘BOOST_PP_CAT’
   71 |       BOOST_PP_CAT(boost_concept_check,__LINE__)
      |       ^~~~~~~~~~~~
./boost/concept/assert.hpp:44:5: note: in expansion of macro ‘BOOST_CONCEPT_ASSERT_FN’
   44 |     BOOST_CONCEPT_ASSERT_FN(void(*)ModelInParens)
      |     ^~~~~~~~~~~~~~~~~~~~~~~
./boost/concept_check.hpp:683:11: note: in expansion of macro ‘BOOST_CONCEPT_ASSERT’
  683 |           BOOST_CONCEPT_ASSERT((InputIterator&lt;iterator&gt;));
      |           ^~~~~~~~~~~~~~~~~~~~
./boost/concept_check.hpp: In destructor ‘boost::ForwardContainer&lt;C&gt;::~ForwardContainer()’:
./boost/concept/detail/general.hpp:71:20: warning: typedef ‘boost_concept_check700’ locally defined but not used [-Wunused-local-typedefs]
   71 |       BOOST_PP_CAT(boost_concept_check,__LINE__)
      |                    ^~~~~~~~~~~~~~~~~~~
./boost/preprocessor/cat.hpp:29:34: note: in definition of macro ‘BOOST_PP_CAT_I’
   29 | #    define BOOST_PP_CAT_I(a, b) a ## b
      |                                  ^
./boost/concept/detail/general.hpp:71:7: note: in expansion of macro ‘BOOST_PP_CAT’
   71 |       BOOST_PP_CAT(boost_concept_check,__LINE__)
      |       ^~~~~~~~~~~~
./boost/concept/assert.hpp:44:5: note: in expansion of macro ‘BOOST_CONCEPT_ASSERT_FN’
   44 |     BOOST_CONCEPT_ASSERT_FN(void(*)ModelInParens)
      |     ^~~~~~~~~~~~~~~~~~~~~~~
./boost/concept_check.hpp:700:11: note: in expansion of macro ‘BOOST_CONCEPT_ASSERT’
  700 |           BOOST_CONCEPT_ASSERT((
      |           ^~~~~~~~~~~~~~~~~~~~
./boost/concept_check.hpp: In destructor ‘boost::Mutable_ForwardContainer&lt;C&gt;::~Mutable_ForwardContainer()’:
./boost/concept/detail/general.hpp:71:20: warning: typedef ‘boost_concept_check713’ locally defined but not used [-Wunused-local-typedefs]
   71 |       BOOST_PP_CAT(boost_concept_check,__LINE__)
      |                    ^~~~~~~~~~~~~~~~~~~
./boost/preprocessor/cat.hpp:29:34: note: in definition of macro ‘BOOST_PP_CAT_I’
   29 | #    define BOOST_PP_CAT_I(a, b) a ## b
      |                                  ^
./boost/concept/detail/general.hpp:71:7: note: in expansion of macro ‘BOOST_PP_CAT’
   71 |       BOOST_PP_CAT(boost_concept_check,__LINE__)
      |       ^~~~~~~~~~~~
./boost/concept/assert.hpp:44:5: note: in expansion of macro ‘BOOST_CONCEPT_ASSERT_FN’
   44 |     BOOST_CONCEPT_ASSERT_FN(void(*)ModelInParens)
      |     ^~~~~~~~~~~~~~~~~~~~~~~
./boost/concept_check.hpp:713:11: note: in expansion of macro ‘BOOST_CONCEPT_ASSERT’
  713 |           BOOST_CONCEPT_ASSERT((
      |           ^~~~~~~~~~~~~~~~~~~~
./boost/concept_check.hpp: In destructor ‘boost::ReversibleContainer&lt;C&gt;::~ReversibleContainer()’:
./boost/concept/detail/general.hpp:71:20: warning: typedef ‘boost_concept_check729’ locally defined but not used [-Wunused-local-typedefs]
   71 |       BOOST_PP_CAT(boost_concept_check,__LINE__)
      |                    ^~~~~~~~~~~~~~~~~~~
./boost/preprocessor/cat.hpp:29:34: note: in definition of macro ‘BOOST_PP_CAT_I’
   29 | #    define BOOST_PP_CAT_I(a, b) a ## b
      |                                  ^
./boost/concept/detail/general.hpp:71:7: note: in expansion of macro ‘BOOST_PP_CAT’
   71 |       BOOST_PP_CAT(boost_concept_check,__LINE__)
      |       ^~~~~~~~~~~~
./boost/concept/assert.hpp:44:5: note: in expansion of macro ‘BOOST_CONCEPT_ASSERT_FN’
   44 |     BOOST_CONCEPT_ASSERT_FN(void(*)ModelInParens)
      |     ^~~~~~~~~~~~~~~~~~~~~~~
./boost/concept_check.hpp:729:11: note: in expansion of macro ‘BOOST_CONCEPT_ASSERT’
  729 |           BOOST_CONCEPT_ASSERT((
      |           ^~~~~~~~~~~~~~~~~~~~
./boost/concept/detail/general.hpp:71:20: warning: typedef ‘boost_concept_check733’ locally defined but not used [-Wunused-local-typedefs]
   71 |       BOOST_PP_CAT(boost_concept_check,__LINE__)
      |                    ^~~~~~~~~~~~~~~~~~~
./boost/preprocessor/cat.hpp:29:34: note: in definition of macro ‘BOOST_PP_CAT_I’
   29 | #    define BOOST_PP_CAT_I(a, b) a ## b
      |                                  ^
./boost/concept/detail/general.hpp:71:7: note: in expansion of macro ‘BOOST_PP_CAT’
   71 |       BOOST_PP_CAT(boost_concept_check,__LINE__)
      |       ^~~~~~~~~~~~
./boost/concept/assert.hpp:44:5: note: in expansion of macro ‘BOOST_CONCEPT_ASSERT_FN’
   44 |     BOOST_CONCEPT_ASSERT_FN(void(*)ModelInParens)
      |     ^~~~~~~~~~~~~~~~~~~~~~~
./boost/concept_check.hpp:733:11: note: in expansion of macro ‘BOOST_CONCEPT_ASSERT’
  733 |           BOOST_CONCEPT_ASSERT((BidirectionalIterator&lt;const_reverse_iterator&gt;));
      |           ^~~~~~~~~~~~~~~~~~~~
./boost/concept_check.hpp: In destructor ‘boost::Mutable_ReversibleContainer&lt;C&gt;::~Mutable_ReversibleContainer()’:
./boost/concept/detail/general.hpp:71:20: warning: typedef ‘boost_concept_check755’ locally defined but not used [-Wunused-local-typedefs]
   71 |       BOOST_PP_CAT(boost_concept_check,__LINE__)
      |                    ^~~~~~~~~~~~~~~~~~~
./boost/preprocessor/cat.hpp:29:34: note: in definition of macro ‘BOOST_PP_CAT_I’
   29 | #    define BOOST_PP_CAT_I(a, b) a ## b
      |                                  ^
./boost/concept/detail/general.hpp:71:7: note: in expansion of macro ‘BOOST_PP_CAT’
   71 |       BOOST_PP_CAT(boost_concept_check,__LINE__)
      |       ^~~~~~~~~~~~
./boost/concept/assert.hpp:44:5: note: in expansion of macro ‘BOOST_CONCEPT_ASSERT_FN’
   44 |     BOOST_CONCEPT_ASSERT_FN(void(*)ModelInParens)
      |     ^~~~~~~~~~~~~~~~~~~~~~~
./boost/concept_check.hpp:755:11: note: in expansion of macro ‘BOOST_CONCEPT_ASSERT’
  755 |           BOOST_CONCEPT_ASSERT((Mutable_BidirectionalIterator&lt;iterator&gt;));
      |           ^~~~~~~~~~~~~~~~~~~~
./boost/concept/detail/general.hpp:71:20: warning: typedef ‘boost_concept_check756’ locally defined but not used [-Wunused-local-typedefs]
   71 |       BOOST_PP_CAT(boost_concept_check,__LINE__)
      |                    ^~~~~~~~~~~~~~~~~~~
./boost/preprocessor/cat.hpp:29:34: note: in definition of macro ‘BOOST_PP_CAT_I’
   29 | #    define BOOST_PP_CAT_I(a, b) a ## b
      |                                  ^
./boost/concept/detail/general.hpp:71:7: note: in expansion of macro ‘BOOST_PP_CAT’
   71 |       BOOST_PP_CAT(boost_concept_check,__LINE__)
      |       ^~~~~~~~~~~~
./boost/concept/assert.hpp:44:5: note: in expansion of macro ‘BOOST_CONCEPT_ASSERT_FN’
   44 |     BOOST_CONCEPT_ASSERT_FN(void(*)ModelInParens)
      |     ^~~~~~~~~~~~~~~~~~~~~~~
./boost/concept_check.hpp:756:11: note: in expansion of macro ‘BOOST_CONCEPT_ASSERT’
  756 |           BOOST_CONCEPT_ASSERT((Mutable_BidirectionalIterator&lt;reverse_iterator&gt;));
      |           ^~~~~~~~~~~~~~~~~~~~
./boost/concept_check.hpp: In destructor ‘boost::RandomAccessContainer&lt;C&gt;::~RandomAccessContainer()’:
./boost/concept/detail/general.hpp:71:20: warning: typedef ‘boost_concept_check773’ locally defined but not used [-Wunused-local-typedefs]
   71 |       BOOST_PP_CAT(boost_concept_check,__LINE__)
      |                    ^~~~~~~~~~~~~~~~~~~
./boost/preprocessor/cat.hpp:29:34: note: in definition of macro ‘BOOST_PP_CAT_I’
   29 | #    define BOOST_PP_CAT_I(a, b) a ## b
      |                                  ^
./boost/concept/detail/general.hpp:71:7: note: in expansion of macro ‘BOOST_PP_CAT’
   71 |       BOOST_PP_CAT(boost_concept_check,__LINE__)
      |       ^~~~~~~~~~~~
./boost/concept/assert.hpp:44:5: note: in expansion of macro ‘BOOST_CONCEPT_ASSERT_FN’
   44 |     BOOST_CONCEPT_ASSERT_FN(void(*)ModelInParens)
      |     ^~~~~~~~~~~~~~~~~~~~~~~
./boost/concept_check.hpp:773:11: note: in expansion of macro ‘BOOST_CONCEPT_ASSERT’
  773 |           BOOST_CONCEPT_ASSERT((
      |           ^~~~~~~~~~~~~~~~~~~~
./boost/concept_check.hpp: In destructor ‘boost::Mutable_RandomAccessContainer&lt;C&gt;::~Mutable_RandomAccessContainer()’:
./boost/concept/detail/general.hpp:71:20: warning: typedef ‘boost_concept_check800’ locally defined but not used [-Wunused-local-typedefs]
   71 |       BOOST_PP_CAT(boost_concept_check,__LINE__)
      |                    ^~~~~~~~~~~~~~~~~~~
./boost/preprocessor/cat.hpp:29:34: note: in definition of macro ‘BOOST_PP_CAT_I’
   29 | #    define BOOST_PP_CAT_I(a, b) a ## b
      |                                  ^
./boost/concept/detail/general.hpp:71:7: note: in expansion of macro ‘BOOST_PP_CAT’
   71 |       BOOST_PP_CAT(boost_concept_check,__LINE__)
      |       ^~~~~~~~~~~~
./boost/concept/assert.hpp:44:5: note: in expansion of macro ‘BOOST_CONCEPT_ASSERT_FN’
   44 |     BOOST_CONCEPT_ASSERT_FN(void(*)ModelInParens)
      |     ^~~~~~~~~~~~~~~~~~~~~~~
./boost/concept_check.hpp:800:11: note: in expansion of macro ‘BOOST_CONCEPT_ASSERT’
  800 |           BOOST_CONCEPT_ASSERT((Mutable_RandomAccessIterator&lt;typename self::iterator&gt;));
      |           ^~~~~~~~~~~~~~~~~~~~
./boost/concept/detail/general.hpp:71:20: warning: typedef ‘boost_concept_check801’ locally defined but not used [-Wunused-local-typedefs]
   71 |       BOOST_PP_CAT(boost_concept_check,__LINE__)
      |                    ^~~~~~~~~~~~~~~~~~~
./boost/preprocessor/cat.hpp:29:34: note: in definition of macro ‘BOOST_PP_CAT_I’
   29 | #    define BOOST_PP_CAT_I(a, b) a ## b
      |                                  ^
./boost/concept/detail/general.hpp:71:7: note: in expansion of macro ‘BOOST_PP_CAT’
   71 |       BOOST_PP_CAT(boost_concept_check,__LINE__)
      |       ^~~~~~~~~~~~
./boost/concept/assert.hpp:44:5: note: in expansion of macro ‘BOOST_CONCEPT_ASSERT_FN’
   44 |     BOOST_CONCEPT_ASSERT_FN(void(*)ModelInParens)
      |     ^~~~~~~~~~~~~~~~~~~~~~~
./boost/concept_check.hpp:801:11: note: in expansion of macro ‘BOOST_CONCEPT_ASSERT’
  801 |           BOOST_CONCEPT_ASSERT((Mutable_RandomAccessIterator&lt;typename self::reverse_iterator&gt;));
      |           ^~~~~~~~~~~~~~~~~~~~
./boost/concept_check.hpp: In destructor ‘boost::AssociativeContainer&lt;C&gt;::~AssociativeContainer()’:
./boost/concept/detail/general.hpp:71:20: warning: typedef ‘boost_concept_check905’ locally defined but not used [-Wunused-local-typedefs]
   71 |       BOOST_PP_CAT(boost_concept_check,__LINE__)
      |                    ^~~~~~~~~~~~~~~~~~~
./boost/preprocessor/cat.hpp:29:34: note: in definition of macro ‘BOOST_PP_CAT_I’
   29 | #    define BOOST_PP_CAT_I(a, b) a ## b
      |                                  ^
./boost/concept/detail/general.hpp:71:7: note: in expansion of macro ‘BOOST_PP_CAT’
   71 |       BOOST_PP_CAT(boost_concept_check,__LINE__)
      |       ^~~~~~~~~~~~
./boost/concept/assert.hpp:44:5: note: in expansion of macro ‘BOOST_CONCEPT_ASSERT_FN’
   44 |     BOOST_CONCEPT_ASSERT_FN(void(*)ModelInParens)
      |     ^~~~~~~~~~~~~~~~~~~~~~~
./boost/concept_check.hpp:905:11: note: in expansion of macro ‘BOOST_CONCEPT_ASSERT’
  905 |           BOOST_CONCEPT_ASSERT((BinaryPredicate&lt;key_compare,key_type,key_type&gt;));
      |           ^~~~~~~~~~~~~~~~~~~~
./boost/concept/detail/general.hpp:71:20: warning: typedef ‘boost_concept_check908’ locally defined but not used [-Wunused-local-typedefs]
   71 |       BOOST_PP_CAT(boost_concept_check,__LINE__)
      |                    ^~~~~~~~~~~~~~~~~~~
./boost/preprocessor/cat.hpp:29:34: note: in definition of macro ‘BOOST_PP_CAT_I’
   29 | #    define BOOST_PP_CAT_I(a, b) a ## b
      |                                  ^
./boost/concept/detail/general.hpp:71:7: note: in expansion of macro ‘BOOST_PP_CAT’
   71 |       BOOST_PP_CAT(boost_concept_check,__LINE__)
      |       ^~~~~~~~~~~~
./boost/concept/assert.hpp:44:5: note: in expansion of macro ‘BOOST_CONCEPT_ASSERT_FN’
   44 |     BOOST_CONCEPT_ASSERT_FN(void(*)ModelInParens)
      |     ^~~~~~~~~~~~~~~~~~~~~~~
./boost/concept_check.hpp:908:11: note: in expansion of macro ‘BOOST_CONCEPT_ASSERT’
  908 |           BOOST_CONCEPT_ASSERT((BinaryPredicate&lt;value_compare,value_type_,value_type_&gt;));
      |           ^~~~~~~~~~~~~~~~~~~~
In file included from ./boost/smart_ptr/detail/shared_count.hpp:30,
                 from ./boost/smart_ptr/shared_ptr.hpp:32,
                 from ./boost/shared_ptr.hpp:17,
                 from ./boost/property_map/vector_property_map.hpp:14,
                 from ./boost/property_map/property_map.hpp:844,
                 from ./boost/graph/properties.hpp:19,
                 from ./boost/graph/graph_utility.hpp:30,
                 from PathRanker.cpp:23:
./boost/smart_ptr/detail/sp_counted_impl.hpp: At global scope:
./boost/smart_ptr/detail/sp_counted_impl.hpp:81:41: error: ‘boost::detail::sp_typeinfo’ has not been declared
   81 |     virtual void * get_deleter( detail::sp_typeinfo const &amp; )
      |                                         ^~~~~~~~~~~
./boost/smart_ptr/detail/sp_counted_impl.hpp:156:41: error: ‘boost::detail::sp_typeinfo’ has not been declared
  156 |     virtual void * get_deleter( detail::sp_typeinfo const &amp; ti )
      |                                         ^~~~~~~~~~~
./boost/smart_ptr/detail/sp_counted_impl.hpp: In member function ‘virtual void* boost::detail::sp_counted_impl_pd&lt;P, D&gt;::get_deleter(const int&amp;)’:
./boost/smart_ptr/detail/sp_counted_impl.hpp:158:39: error: expected primary-expression before ‘)’ token
  158 |         return ti == BOOST_SP_TYPEID(D)? &amp;reinterpret_cast&lt;char&amp;&gt;( del ): 0;
      |                                       ^
./boost/smart_ptr/detail/sp_counted_impl.hpp:158:22: error: there are no arguments to ‘BOOST_SP_TYPEID’ that depend on a template parameter, so a declaration of ‘BOOST_SP_TYPEID’ must be available [-fpermissive]
  158 |         return ti == BOOST_SP_TYPEID(D)? &amp;reinterpret_cast&lt;char&amp;&gt;( del ): 0;
      |                      ^~~~~~~~~~~~~~~
./boost/smart_ptr/detail/sp_counted_impl.hpp:158:22: note: (if you use ‘-fpermissive’, G++ will accept your code, but allowing the use of an undeclared name is deprecated)
./boost/smart_ptr/detail/sp_counted_impl.hpp: At global scope:
./boost/smart_ptr/detail/sp_counted_impl.hpp:235:41: error: ‘boost::detail::sp_typeinfo’ has not been declared
  235 |     virtual void * get_deleter( detail::sp_typeinfo const &amp; ti )
      |                                         ^~~~~~~~~~~
./boost/smart_ptr/detail/sp_counted_impl.hpp: In member function ‘virtual void* boost::detail::sp_counted_impl_pda&lt;P, D, A&gt;::get_deleter(const int&amp;)’:
./boost/smart_ptr/detail/sp_counted_impl.hpp:237:41: error: expected primary-expression before ‘)’ token
  237 |         return ti == BOOST_SP_TYPEID( D )? &amp;reinterpret_cast&lt;char&amp;&gt;( d_ ): 0;
      |                                         ^
./boost/smart_ptr/detail/sp_counted_impl.hpp:237:22: error: there are no arguments to ‘BOOST_SP_TYPEID’ that depend on a template parameter, so a declaration of ‘BOOST_SP_TYPEID’ must be available [-fpermissive]
  237 |         return ti == BOOST_SP_TYPEID( D )? &amp;reinterpret_cast&lt;char&amp;&gt;( d_ ): 0;
      |                      ^~~~~~~~~~~~~~~
In file included from ./boost/smart_ptr/shared_ptr.hpp:32,
                 from ./boost/shared_ptr.hpp:17,
                 from ./boost/property_map/vector_property_map.hpp:14,
                 from ./boost/property_map/property_map.hpp:844,
                 from ./boost/graph/properties.hpp:19,
                 from ./boost/graph/graph_utility.hpp:30,
                 from PathRanker.cpp:23:
./boost/smart_ptr/detail/shared_count.hpp: At global scope:
./boost/smart_ptr/detail/shared_count.hpp:323:33: warning: ‘template&lt;class&gt; class std::auto_ptr’ is deprecated: use &#x27;std::unique_ptr&#x27; instead [-Wdeprecated-declarations]
  323 |     explicit shared_count( std::auto_ptr&lt;Y&gt; &amp; r ): pi_( new sp_counted_impl_p&lt;Y&gt;( r.get() ) )
      |                                 ^~~~~~~~
In file included from /usr/include/c++/11/memory:76,
                 from ./boost/config/no_tr1/memory.hpp:21,
                 from ./boost/smart_ptr/shared_ptr.hpp:27,
                 from ./boost/shared_ptr.hpp:17,
                 from ./boost/property_map/vector_property_map.hpp:14,
                 from ./boost/property_map/property_map.hpp:844,
                 from ./boost/graph/properties.hpp:19,
                 from ./boost/graph/graph_utility.hpp:30,
                 from PathRanker.cpp:23:
/usr/include/c++/11/bits/unique_ptr.h:57:28: note: declared here
   57 |   template&lt;typename&gt; class auto_ptr;
      |                            ^~~~~~~~
In file included from ./boost/smart_ptr/shared_ptr.hpp:32,
                 from ./boost/shared_ptr.hpp:17,
                 from ./boost/property_map/vector_property_map.hpp:14,
                 from ./boost/property_map/property_map.hpp:844,
                 from ./boost/graph/properties.hpp:19,
                 from ./boost/graph/graph_utility.hpp:30,
                 from PathRanker.cpp:23:
./boost/smart_ptr/detail/shared_count.hpp:446:25: error: ‘sp_typeinfo’ has not been declared
  446 |     void * get_deleter( sp_typeinfo const &amp; ti ) const
      |                         ^~~~~~~~~~~
./boost/smart_ptr/detail/shared_count.hpp: In member function ‘void* boost::detail::shared_count::get_deleter(const int&amp;) const’:
./boost/smart_ptr/detail/shared_count.hpp:448:39: error: cannot convert ‘const int’ to ‘const sp_typeinfo_&amp;’ {aka ‘const std::type_info&amp;’}
  448 |         return pi_? pi_-&gt;get_deleter( ti ): 0;
      |                                       ^~
      |                                       |
      |                                       const int
In file included from ./boost/smart_ptr/detail/sp_counted_base.hpp:60,
                 from ./boost/smart_ptr/detail/shared_count.hpp:29,
                 from ./boost/smart_ptr/shared_ptr.hpp:32,
                 from ./boost/shared_ptr.hpp:17,
                 from ./boost/property_map/vector_property_map.hpp:14,
                 from ./boost/property_map/property_map.hpp:844,
                 from ./boost/graph/properties.hpp:19,
                 from ./boost/graph/graph_utility.hpp:30,
                 from PathRanker.cpp:23:
/usr/include/boost/smart_ptr/detail/sp_counted_base_sync.hpp:119:54: note:   initializing argument 1 of ‘virtual void* boost::detail::sp_counted_base::get_deleter(const sp_typeinfo_&amp;)’
  119 |     virtual void * get_deleter( sp_typeinfo_ const &amp; ti ) = 0;
      |                                 ~~~~~~~~~~~~~~~~~~~~~^~
In file included from ./boost/shared_ptr.hpp:17,
                 from ./boost/property_map/vector_property_map.hpp:14,
                 from ./boost/property_map/property_map.hpp:844,
                 from ./boost/graph/properties.hpp:19,
                 from ./boost/graph/graph_utility.hpp:30,
                 from PathRanker.cpp:23:
./boost/smart_ptr/shared_ptr.hpp: At global scope:
./boost/smart_ptr/shared_ptr.hpp:247:65: warning: ‘template&lt;class&gt; class std::auto_ptr’ is deprecated: use &#x27;std::unique_ptr&#x27; instead [-Wdeprecated-declarations]
  247 | template&lt; class T, class R &gt; struct sp_enable_if_auto_ptr&lt; std::auto_ptr&lt; T &gt;, R &gt;
      |                                                                 ^~~~~~~~
In file included from /usr/include/c++/11/memory:76,
                 from ./boost/config/no_tr1/memory.hpp:21,
                 from ./boost/smart_ptr/shared_ptr.hpp:27,
                 from ./boost/shared_ptr.hpp:17,
                 from ./boost/property_map/vector_property_map.hpp:14,
                 from ./boost/property_map/property_map.hpp:844,
                 from ./boost/graph/properties.hpp:19,
                 from ./boost/graph/graph_utility.hpp:30,
                 from PathRanker.cpp:23:
/usr/include/c++/11/bits/unique_ptr.h:57:28: note: declared here
   57 |   template&lt;typename&gt; class auto_ptr;
      |                            ^~~~~~~~
In file included from ./boost/shared_ptr.hpp:17,
                 from ./boost/property_map/vector_property_map.hpp:14,
                 from ./boost/property_map/property_map.hpp:844,
                 from ./boost/graph/properties.hpp:19,
                 from ./boost/graph/graph_utility.hpp:30,
                 from PathRanker.cpp:23:
./boost/smart_ptr/shared_ptr.hpp:446:31: warning: ‘template&lt;class&gt; class std::auto_ptr’ is deprecated: use &#x27;std::unique_ptr&#x27; instead [-Wdeprecated-declarations]
  446 |     explicit shared_ptr( std::auto_ptr&lt;Y&gt; &amp; r ): px(r.get()), pn()
      |                               ^~~~~~~~
In file included from /usr/include/c++/11/memory:76,
                 from ./boost/config/no_tr1/memory.hpp:21,
                 from ./boost/smart_ptr/shared_ptr.hpp:27,
                 from ./boost/shared_ptr.hpp:17,
                 from ./boost/property_map/vector_property_map.hpp:14,
                 from ./boost/property_map/property_map.hpp:844,
                 from ./boost/graph/properties.hpp:19,
                 from ./boost/graph/graph_utility.hpp:30,
                 from PathRanker.cpp:23:
/usr/include/c++/11/bits/unique_ptr.h:57:28: note: declared here
   57 |   template&lt;typename&gt; class auto_ptr;
      |                            ^~~~~~~~
In file included from ./boost/shared_ptr.hpp:17,
                 from ./boost/property_map/vector_property_map.hpp:14,
                 from ./boost/property_map/property_map.hpp:844,
                 from ./boost/graph/properties.hpp:19,
                 from ./boost/graph/graph_utility.hpp:30,
                 from PathRanker.cpp:23:
./boost/smart_ptr/shared_ptr.hpp:459:22: warning: ‘template&lt;class&gt; class std::auto_ptr’ is deprecated: use &#x27;std::unique_ptr&#x27; instead [-Wdeprecated-declarations]
  459 |     shared_ptr( std::auto_ptr&lt;Y&gt; &amp;&amp; r ): px(r.get()), pn()
      |                      ^~~~~~~~
In file included from /usr/include/c++/11/memory:76,
                 from ./boost/config/no_tr1/memory.hpp:21,
                 from ./boost/smart_ptr/shared_ptr.hpp:27,
                 from ./boost/shared_ptr.hpp:17,
                 from ./boost/property_map/vector_property_map.hpp:14,
                 from ./boost/property_map/property_map.hpp:844,
                 from ./boost/graph/properties.hpp:19,
                 from ./boost/graph/graph_utility.hpp:30,
                 from PathRanker.cpp:23:
/usr/include/c++/11/bits/unique_ptr.h:57:28: note: declared here
   57 |   template&lt;typename&gt; class auto_ptr;
      |                            ^~~~~~~~
In file included from ./boost/shared_ptr.hpp:17,
                 from ./boost/property_map/vector_property_map.hpp:14,
                 from ./boost/property_map/property_map.hpp:844,
                 from ./boost/graph/properties.hpp:19,
                 from ./boost/graph/graph_utility.hpp:30,
                 from PathRanker.cpp:23:
./boost/smart_ptr/shared_ptr.hpp:525:34: warning: ‘template&lt;class&gt; class std::auto_ptr’ is deprecated: use &#x27;std::unique_ptr&#x27; instead [-Wdeprecated-declarations]
  525 |     shared_ptr &amp; operator=( std::auto_ptr&lt;Y&gt; &amp; r )
      |                                  ^~~~~~~~
In file included from /usr/include/c++/11/memory:76,
                 from ./boost/config/no_tr1/memory.hpp:21,
                 from ./boost/smart_ptr/shared_ptr.hpp:27,
                 from ./boost/shared_ptr.hpp:17,
                 from ./boost/property_map/vector_property_map.hpp:14,
                 from ./boost/property_map/property_map.hpp:844,
                 from ./boost/graph/properties.hpp:19,
                 from ./boost/graph/graph_utility.hpp:30,
                 from PathRanker.cpp:23:
/usr/include/c++/11/bits/unique_ptr.h:57:28: note: declared here
   57 |   template&lt;typename&gt; class auto_ptr;
      |                            ^~~~~~~~
In file included from ./boost/shared_ptr.hpp:17,
                 from ./boost/property_map/vector_property_map.hpp:14,
                 from ./boost/property_map/property_map.hpp:844,
                 from ./boost/graph/properties.hpp:19,
                 from ./boost/graph/graph_utility.hpp:30,
                 from PathRanker.cpp:23:
./boost/smart_ptr/shared_ptr.hpp:534:34: warning: ‘template&lt;class&gt; class std::auto_ptr’ is deprecated: use &#x27;std::unique_ptr&#x27; instead [-Wdeprecated-declarations]
  534 |     shared_ptr &amp; operator=( std::auto_ptr&lt;Y&gt; &amp;&amp; r )
      |                                  ^~~~~~~~
In file included from /usr/include/c++/11/memory:76,
                 from ./boost/config/no_tr1/memory.hpp:21,
                 from ./boost/smart_ptr/shared_ptr.hpp:27,
                 from ./boost/shared_ptr.hpp:17,
                 from ./boost/property_map/vector_property_map.hpp:14,
                 from ./boost/property_map/property_map.hpp:844,
                 from ./boost/graph/properties.hpp:19,
                 from ./boost/graph/graph_utility.hpp:30,
                 from PathRanker.cpp:23:
/usr/include/c++/11/bits/unique_ptr.h:57:28: note: declared here
   57 |   template&lt;typename&gt; class auto_ptr;
      |                            ^~~~~~~~
In file included from ./boost/shared_ptr.hpp:17,
                 from ./boost/property_map/vector_property_map.hpp:14,
                 from ./boost/property_map/property_map.hpp:844,
                 from ./boost/graph/properties.hpp:19,
                 from ./boost/graph/graph_utility.hpp:30,
                 from PathRanker.cpp:23:
./boost/smart_ptr/shared_ptr.hpp:700:50: error: ‘boost::detail::sp_typeinfo’ has not been declared
  700 |     void * _internal_get_deleter( boost::detail::sp_typeinfo const &amp; ti ) const BOOST_NOEXCEPT
      |                                                  ^~~~~~~~~~~
In file included from ./boost/shared_ptr.hpp:17,
                 from ./boost/property_map/vector_property_map.hpp:14,
                 from ./boost/property_map/property_map.hpp:844,
                 from ./boost/graph/properties.hpp:19,
                 from ./boost/graph/graph_utility.hpp:30,
                 from PathRanker.cpp:23:
./boost/smart_ptr/shared_ptr.hpp: In member function ‘boost::shared_ptr&lt;T&gt;&amp; boost::shared_ptr&lt;T&gt;::operator=(std::auto_ptr&lt;_Up&gt;&amp;&amp;)’:
./boost/smart_ptr/shared_ptr.hpp:536:38: warning: ‘template&lt;class&gt; class std::auto_ptr’ is deprecated: use &#x27;std::unique_ptr&#x27; instead [-Wdeprecated-declarations]
  536 |         this_type( static_cast&lt; std::auto_ptr&lt;Y&gt; &amp;&amp; &gt;( r ) ).swap( *this );
      |                                      ^~~~~~~~
In file included from /usr/include/c++/11/memory:76,
                 from ./boost/config/no_tr1/memory.hpp:21,
                 from ./boost/smart_ptr/shared_ptr.hpp:27,
                 from ./boost/shared_ptr.hpp:17,
                 from ./boost/property_map/vector_property_map.hpp:14,
                 from ./boost/property_map/property_map.hpp:844,
                 from ./boost/graph/properties.hpp:19,
                 from ./boost/graph/graph_utility.hpp:30,
                 from PathRanker.cpp:23:
/usr/include/c++/11/bits/unique_ptr.h:57:28: note: declared here
   57 |   template&lt;typename&gt; class auto_ptr;
      |                            ^~~~~~~~
In file included from ./boost/shared_ptr.hpp:17,
                 from ./boost/property_map/vector_property_map.hpp:14,
                 from ./boost/property_map/property_map.hpp:844,
                 from ./boost/graph/properties.hpp:19,
                 from ./boost/graph/graph_utility.hpp:30,
                 from PathRanker.cpp:23:
./boost/smart_ptr/shared_ptr.hpp: In function ‘D* boost::detail::basic_get_deleter(const boost::shared_ptr&lt;U&gt;&amp;)’:
./boost/smart_ptr/shared_ptr.hpp:892:71: error: expected primary-expression before ‘)’ token
  892 |     return static_cast&lt;D *&gt;( p._internal_get_deleter(BOOST_SP_TYPEID(D)) );
      |                                                                       ^
./boost/smart_ptr/shared_ptr.hpp:892:54: error: there are no arguments to ‘BOOST_SP_TYPEID’ that depend on a template parameter, so a declaration of ‘BOOST_SP_TYPEID’ must be available [-fpermissive]
  892 |     return static_cast&lt;D *&gt;( p._internal_get_deleter(BOOST_SP_TYPEID(D)) );
      |                                                      ^~~~~~~~~~~~~~~
In file included from ./boost/shared_array.hpp:17,
                 from ./boost/graph/detail/d_ary_heap.hpp:20,
                 from ./boost/graph/named_function_params.hpp:24,
                 from ./boost/graph/depth_first_search.hpp:21,
                 from ./boost/graph/graph_utility.hpp:32,
                 from PathRanker.cpp:23:
./boost/smart_ptr/shared_array.hpp: At global scope:
./boost/smart_ptr/shared_array.hpp:223:50: error: ‘boost::detail::sp_typeinfo’ has not been declared
  223 |     void * _internal_get_deleter( boost::detail::sp_typeinfo const &amp; ti ) const
      |                                                  ^~~~~~~~~~~
./boost/smart_ptr/shared_array.hpp: In function ‘D* boost::get_deleter(const boost::shared_array&lt;T&gt;&amp;)’:
./boost/smart_ptr/shared_array.hpp:283:74: error: expected primary-expression before ‘)’ token
  283 |     return static_cast&lt; D * &gt;( p._internal_get_deleter( BOOST_SP_TYPEID(D) ) );
      |                                                                          ^
./boost/smart_ptr/shared_array.hpp:283:57: error: there are no arguments to ‘BOOST_SP_TYPEID’ that depend on a template parameter, so a declaration of ‘BOOST_SP_TYPEID’ must be available [-fpermissive]
  283 |     return static_cast&lt; D * &gt;( p._internal_get_deleter( BOOST_SP_TYPEID(D) ) );
      |                                                         ^~~~~~~~~~~~~~~
In file included from ./boost/scoped_ptr.hpp:14,
                 from ./boost/graph/adjacency_list.hpp:31,
                 from PathRanker.cpp:24:
./boost/smart_ptr/scoped_ptr.hpp: At global scope:
./boost/smart_ptr/scoped_ptr.hpp:68:31: warning: ‘template&lt;class&gt; class std::auto_ptr’ is deprecated: use &#x27;std::unique_ptr&#x27; instead [-Wdeprecated-declarations]
   68 |     explicit scoped_ptr( std::auto_ptr&lt;T&gt; p ) BOOST_NOEXCEPT : px( p.release() )
      |                               ^~~~~~~~
In file included from /usr/include/c++/11/memory:76,
                 from ./boost/config/no_tr1/memory.hpp:21,
                 from ./boost/smart_ptr/shared_ptr.hpp:27,
                 from ./boost/shared_ptr.hpp:17,
                 from ./boost/property_map/vector_property_map.hpp:14,
                 from ./boost/property_map/property_map.hpp:844,
                 from ./boost/graph/properties.hpp:19,
                 from ./boost/graph/graph_utility.hpp:30,
                 from PathRanker.cpp:23:
/usr/include/c++/11/bits/unique_ptr.h:57:28: note: declared here
   57 |   template&lt;typename&gt; class auto_ptr;
      |                            ^~~~~~~~
In file included from ./boost/graph/adjacency_list.hpp:246,
                 from PathRanker.cpp:24:
./boost/graph/detail/adjacency_list.hpp:278:12: warning: ‘template&lt;class&gt; class std::auto_ptr’ is deprecated: use &#x27;std::unique_ptr&#x27; instead [-Wdeprecated-declarations]
  278 |       std::auto_ptr&lt;Property&gt; m_property;
      |            ^~~~~~~~
In file included from /usr/include/c++/11/memory:76,
                 from ./boost/config/no_tr1/memory.hpp:21,
                 from ./boost/smart_ptr/shared_ptr.hpp:27,
                 from ./boost/shared_ptr.hpp:17,
                 from ./boost/property_map/vector_property_map.hpp:14,
                 from ./boost/property_map/property_map.hpp:844,
                 from ./boost/graph/properties.hpp:19,
                 from ./boost/graph/graph_utility.hpp:30,
                 from PathRanker.cpp:23:
/usr/include/c++/11/bits/unique_ptr.h:57:28: note: declared here
   57 |   template&lt;typename&gt; class auto_ptr;
      |                            ^~~~~~~~
make: *** [/home/biocbuild/bbs-3.17-bioc/R/etc/Makeconf:198: PathRanker.o] Error 1
ERROR: compilation failed for package ‘NetPathMiner’
* removing ‘/home/biocbuild/bbs-3.17-bioc/R/library/NetPathMiner’
</PRE>
</DIV></BODY>
</HTML>
