##############################################################################
##############################################################################
###
### Running command:
###
###   /home/biocbuild/bbs-3.17-bioc/R/bin/R CMD check --install=check:metagene2.install-out.txt --library=/home/biocbuild/bbs-3.17-bioc/R/library --timings metagene2_1.15.0.tar.gz
###
##############################################################################
##############################################################################


* using log directory ‘/home/biocbuild/bbs-3.17-bioc/meat/metagene2.Rcheck’
* using R Under development (unstable) (2023-01-14 r83615)
* using platform: aarch64-unknown-linux-gnu (64-bit)
* R was compiled by
    gcc (Ubuntu 11.3.0-1ubuntu1~22.04) 11.3.0
    GNU Fortran (Ubuntu 11.3.0-1ubuntu1~22.04) 11.3.0
* running under: Ubuntu 22.04.1 LTS
* using session charset: UTF-8
* checking for file ‘metagene2/DESCRIPTION’ ... OK
* this is package ‘metagene2’ version ‘1.15.0’
* checking package namespace information ... OK
* checking package dependencies ... OK
* checking if this is a source package ... OK
* checking if there is a namespace ... OK
* checking for hidden files and directories ... OK
* checking for portable file names ... OK
* checking for sufficient/correct file permissions ... OK
* checking whether package ‘metagene2’ can be installed ... OK
* checking installed package size ... OK
* checking package directory ... OK
* checking ‘build’ directory ... OK
* checking DESCRIPTION meta-information ... OK
* checking top-level files ... OK
* checking for left-over files ... OK
* checking index information ... OK
* checking package subdirectories ... OK
* checking R files for non-ASCII characters ... OK
* checking R files for syntax errors ... OK
* checking whether the package can be loaded ... OK
* checking whether the package can be loaded with stated dependencies ... OK
* checking whether the package can be unloaded cleanly ... OK
* checking whether the namespace can be loaded with stated dependencies ... OK
* checking whether the namespace can be unloaded cleanly ... OK
* checking dependencies in R code ... OK
* checking S3 generic/method consistency ... OK
* checking replacement functions ... OK
* checking foreign function calls ... OK
* checking R code for possible problems ... OK
* checking Rd files ... WARNING
checkRd: (5) Bam_Handler.Rd:20: \item in \describe must have non-empty label
checkRd: (5) Bam_Handler.Rd:40: \item in \describe must have non-empty label
checkRd: (5) Bam_Handler.Rd:44: \item in \describe must have non-empty label
checkRd: (5) Bam_Handler.Rd:48: \item in \describe must have non-empty label
checkRd: (5) Bam_Handler.Rd:52: \item in \describe must have non-empty label
checkRd: (5) Bam_Handler.Rd:56: \item in \describe must have non-empty label
checkRd: (5) Bam_Handler.Rd:59-60: \item in \describe must have non-empty label
checkRd: (5) Bam_Handler.Rd:69-70: \item in \describe must have non-empty label
checkRd: (5) metagene2.Rd:451: \item in \describe must have non-empty label
checkRd: (5) metagene2.Rd:456: \item in \describe must have non-empty label
checkRd: (5) metagene2.Rd:461: \item in \describe must have non-empty label
checkRd: (5) metagene2.Rd:466: \item in \describe must have non-empty label
checkRd: (5) metagene2.Rd:475: \item in \describe must have non-empty label
checkRd: (5) metagene2.Rd:480: \item in \describe must have non-empty label
checkRd: (5) metagene2.Rd:485: \item in \describe must have non-empty label
* checking Rd metadata ... OK
* checking Rd cross-references ... OK
* checking for missing documentation entries ... OK
* checking for code/documentation mismatches ... OK
* checking Rd \usage sections ... OK
* checking Rd contents ... OK
* checking for unstated dependencies in examples ... OK
* checking line endings in Makefiles ... OK
* checking for GNU extensions in Makefiles ... OK
* checking include directives in Makefiles ... OK
* checking files in ‘vignettes’ ... OK
* checking examples ... OK
Examples with CPU (user + system) or elapsed time > 5s
               user system elapsed
plot_metagene 7.035  0.012   7.993
* checking for unstated dependencies in ‘tests’ ... OK
* checking tests ...
  Running ‘runTests.R’
 ERROR
Running the tests in ‘tests/runTests.R’ failed.
Last 13 lines of output:
  FAILURE in test.parallel_job_get_core_count_valid_multiple_core_biocparallelparam: Error in checkIdentical(obs, exp) : FALSE 
   
  FAILURE in test.parallel_job_set_core_count_valid_multiple_core_biocparallelparam: Error in checkIdentical(obs, exp) : FALSE 
   
  
  Test files with failing tests
  
     test_parallel_job.R 
       test.parallel_job_get_core_count_valid_multiple_core_biocparallelparam 
       test.parallel_job_set_core_count_valid_multiple_core_biocparallelparam 
  
  
  Error in BiocGenerics:::testPackage("metagene2") : 
    unit tests failed for package metagene2
  Execution halted
* checking for unstated dependencies in vignettes ... OK
* checking package vignettes in ‘inst/doc’ ... OK
* checking running R code from vignettes ...
  ‘metagene2.Rmd’ using ‘UTF-8’... OK
 NONE
* checking re-building of vignette outputs ... OK
* checking PDF version of manual ... OK
* DONE

Status: 1 ERROR, 1 WARNING
See
  ‘/home/biocbuild/bbs-3.17-bioc/meat/metagene2.Rcheck/00check.log’
for details.

