<!DOCTYPE HTML PUBLIC "-//W3C//DTD HTML 4.01 Transitional//EN" "http://www.w3.org/TR/html4/loose.dtd">
<HTML>
<HEAD>
<META http-equiv="Content-Type" content="text/html; charset=UTF-8">
<TITLE>Build/check report for BioC 3.17 - BUILD results for NetPathMiner on kunpeng1</TITLE>
<LINK rel="stylesheet" href="../report.css" type="text/css">
<SCRIPT type="text/javascript" src="../report.js"></SCRIPT>
</HEAD>
<BODY onLoad="initialize();">
<TABLE class="grid_layout" style="width: 100%; background: #EEE;"><TR><TD style="text-align: left; padding: 5px; vertical-align: middle;"><I>Back to <B>Build/check report for BioC 3.17</B>:&nbsp;&nbsp;&nbsp;<A href="../">simplified</A>&nbsp;&nbsp;&nbsp;<A href="../long-report.html">long</A></I></TD><TD><TABLE class="abc_dispatcher"><TR><TD><A href="..#A">A</A></TD><TD><A href="..#B">B</A></TD><TD><A href="..#C">C</A></TD><TD><A href="..#D">D</A></TD><TD><A href="..#E">E</A></TD><TD><A href="..#F">F</A></TD><TD><A href="..#G">G</A></TD><TD><A href="..#H">H</A></TD><TD><A href="..#I">I</A></TD><TD><A href="..#J">J</A></TD><TD><A href="..#K">K</A></TD><TD><A href="..#L">L</A></TD><TD><A href="..#M">M</A></TD><TD><B>[<A href="..#N">N</A>]</B></TD><TD><A href="..#O">O</A></TD><TD><A href="..#P">P</A></TD><TD><A href="..#Q">Q</A></TD><TD><A href="..#R">R</A></TD><TD><A href="..#S">S</A></TD><TD><A href="..#T">T</A></TD><TD><A href="..#U">U</A></TD><TD><A href="..#V">V</A></TD><TD><A href="..#W">W</A></TD><TD><A href="..#X">X</A></TD><TD><A href="..#Y">Y</A></TD><TD><A href="..#Z">Z</A></TD></TR></TABLE></TD></TR></TABLE>
<P class="time_stamp">
This page was generated on 2023-02-27 02:34:39 -0000 (Mon, 27 Feb 2023).
</P>
<TABLE class="node_specs">
<TR><TH>Hostname</TH><TH>OS</TH><TH>Arch&nbsp;(*)</TH><TH>R&nbsp;version</TH><TH style="text-align: right;">Installed&nbsp;pkgs</TH></TR>
<TR class="kunpeng1"><TD><B><A href="../kunpeng1-NodeInfo.html"><B>kunpeng1</B></A></B></TD><TD>Linux&nbsp;(Ubuntu&nbsp;22.04.1&nbsp;LTS)</TD><TD>aarch64</TD><TD>R&nbsp;Under&nbsp;development&nbsp;(unstable)&nbsp;(2023-01-14&nbsp;r83615)&nbsp;--&nbsp;"Unsuffered&nbsp;Consequences"
</TD><TD style="text-align: right;"><A href="../kunpeng1-R-instpkgs.html">4259</A></TD></TR>
<TR><TD COLSPAN="5" style="font-size: smaller;"><I>Click on any hostname to see more info about the system (e.g. compilers) &nbsp;&nbsp;&nbsp;&nbsp; (*) as reported by 'uname -p', except on Windows and Mac OS X</I></TD></TR>
</TABLE>
<BR>
<H2><SPAN class="kunpeng1">BUILD results for NetPathMiner on kunpeng1</SPAN></H2>
<BR>
<DIV class="motd">
<TABLE><TR><TD>
To the developers/maintainers of the NetPathMiner package:<BR>
- Please allow up to 24 hours (and sometimes 48 hours) for your latest push to git@git.bioconductor.org:packages/NetPathMiner.git to<BR>reflect on this report. See <A href="https://bioconductor.org/developers/how-to/troubleshoot-build-report/">How and When does the builder pull? When will my changes propagate?</A> for more information.<BR>
- Make sure to <A href="../Renviron.bioc">use the following settings</A> in order to reproduce any error or warning you see on this page.<BR>
</TD></TR></TABLE>
</DIV>
<P style="text-align: center;"><A href="raw-results/">raw results</A><P>
<TABLE class="gcard_list">
<TBODY class="gcard error">
<TR class="header"><TD class="leftmost top_left_corner"></TD><TD>Package <B>1335</B>/2169</TD><TD style="width: 75px;">Hostname</TD><TD style="width: 225px;">OS&nbsp;/&nbsp;Arch</TD><TD class="STAGE install">INSTALL</TD><TD class="STAGE buildsrc selected">BUILD</TD><TD class="STAGE checksrc">CHECK</TD><TD class="STAGE buildbin">BUILD BIN</TD><TD style="width: 12px;"></TD><TD class="rightmost top_right_corner"></TD></TR>
<TR class="selected_row"><TD ROWSPAN="2" class="leftmost bottom_left_corner"></TD><TD ROWSPAN="1" style="vertical-align: top;"><B><A href="./">NetPathMiner</A>&nbsp;1.35.6</B>&nbsp;&nbsp;<SPAN style="font-size: smaller; font-style: italic;">(<A href="/packages/3.17/NetPathMiner">landing page</A>)</SPAN><BR>Ahmed Mohamed<BR><TABLE class="svn_info">
<TR><TD class="svn_info">Snapshot&nbsp;Date:&nbsp;<SPAN class="svn_info">2023-02-23&nbsp;09:40:21&nbsp;-0000&nbsp;(Thu,&nbsp;23&nbsp;Feb&nbsp;2023)</SPAN></TD></TR>
<TR><TD class="svn_info">git_url:&nbsp;<SPAN class="svn_info">https://git.bioconductor.org/packages/NetPathMiner</SPAN></TD></TR>
<TR><TD class="svn_info">git_branch:&nbsp;<SPAN class="svn_info">master</SPAN></TD></TR>
<TR><TD class="svn_info">git_last_commit:&nbsp;<SPAN class="svn_info">25927af</SPAN></TD></TR>
<TR><TD class="svn_info">git_last_commit_date:&nbsp;<SPAN class="svn_info">2023-02-23&nbsp;05:47:44&nbsp;-0000&nbsp;(Thu,&nbsp;23&nbsp;Feb&nbsp;2023)</SPAN></TD></TR>
</TABLE>
</TD><TD class="kunpeng1 selected"><B>kunpeng1</B></TD><TD class="kunpeng1"><SPAN style="font-size: smaller;">Linux&nbsp;(Ubuntu&nbsp;22.04.1&nbsp;LTS)&nbsp;/&nbsp;aarch64</SPAN></TD><TD class="status kunpeng1 install"><A href="./kunpeng1-install.html" onmouseover="add_class_mouseover(this);" onmouseout="remove_class_mouseover(this);"><SPAN class="glyph ERROR">&nbsp;&nbsp;ERROR&nbsp;&nbsp;</SPAN></A></TD><TD class="status kunpeng1 buildsrc selected"><A href="./kunpeng1-buildsrc.html" onmouseover="add_class_mouseover(this);" onmouseout="remove_class_mouseover(this);"><SPAN class="glyph ERROR">&nbsp;&nbsp;ERROR&nbsp;&nbsp;</SPAN></A></TD><TD class="status kunpeng1 checksrc"><SPAN class="glyph skipped">skipped</SPAN></TD><TD class="status kunpeng1"></TD><TD class="status kunpeng1"></TD><TD ROWSPAN="2" class="rightmost bottom_right_corner"></TD></TR>
<TR class="footer"><TD COLSPAN="8"></TD></TR>
</TBODY>
</TABLE>
<HR>
<H3>Summary</H3>
<DIV class="kunpeng1 hscrollable">
<TABLE>
<TR><TD><B>Package</B>: NetPathMiner</TD></TR>
<TR><TD><B>Version</B>: 1.35.6</TD></TR>
<TR><TD><B>Command</B>: /home/biocbuild/bbs-3.17-bioc/R/bin/R CMD build --keep-empty-dirs --no-resave-data NetPathMiner</TD></TR>
<TR><TD><B>StartedAt</B>: 2023-02-23 21:56:11 -0000 (Thu, 23 Feb 2023)</TD></TR>
<TR><TD><B>EndedAt</B>: 2023-02-23 21:56:17 -0000 (Thu, 23 Feb 2023)</TD></TR>
<TR><TD><B>EllapsedTime</B>: 6.0 seconds</TD></TR>
<TR><TD><B>RetCode</B>: 1</TD></TR>
<TR><TD><B>Status</B>: <SPAN class="glyph ERROR">&nbsp;&nbsp;ERROR&nbsp;&nbsp;</SPAN></TD></TR>
<TR><TD><B>PackageFile</B>: None</TD></TR>
<TR><TD><B>PackageFileSize</B>: NA</TD></TR>
</TABLE>
</DIV>
<HR>
<H3>Command output</H3>
<DIV class="kunpeng1 hscrollable">
<PRE style="padding: 3px;">
##############################################################################
##############################################################################
###
### Running command:
###
###   /home/biocbuild/bbs-3.17-bioc/R/bin/R CMD build --keep-empty-dirs --no-resave-data NetPathMiner
###
##############################################################################
##############################################################################


* checking for file ‘NetPathMiner/DESCRIPTION’ ... OK
* preparing ‘NetPathMiner’:
* checking DESCRIPTION meta-information ... OK
* cleaning src
* running ‘cleanup’
* installing the package to build vignettes
      -----------------------------------
* installing *source* package ‘NetPathMiner’ ...
** using staged installation
&#x27;config&#x27; variable &#x27;CPP&#x27; is defunct
checking for gcc... gcc
checking whether the C compiler works... yes
checking for C compiler default output file name... a.out
checking for suffix of executables... 
checking whether we are cross compiling... no
checking for suffix of object files... o
checking whether we are using the GNU C compiler... yes
checking whether gcc accepts -g... yes
checking for gcc option to accept ISO C89... none needed
checking how to run the C preprocessor... gcc -E
checking for xmlParseFile in -lxml2... yes
checking for readSBML in -lsbml... yes
untarring boost include tree...
libSBML found, finding configuration...
pkg-config tool found
libsbml.pc found. Using pkg-config to extract it.
checking for xml2-config... /usr/bin/xml2-config
configure: creating ./config.status
config.status: creating src/Makevars
** libs
using C compiler: ‘gcc (Ubuntu 11.3.0-1ubuntu1~22.04) 11.3.0’
using C++ compiler: ‘g++ (Ubuntu 11.3.0-1ubuntu1~22.04) 11.3.0’
g++ -std=gnu++14  -I&quot;/home/biocbuild/bbs-3.17-bioc/R/include&quot; -DNDEBUG -I. -I/usr/local/include -DHAVE_XML -I/usr/include/libxml2 -DHAVE_SBML -I/usr/include/libxml2  -I/usr/local/include    -fPIC  -g -O2  -Wall  -c PathRanker.cpp -o PathRanker.o
In file included from ./boost/mpl/aux_/na_assert.hpp:23,
                 from ./boost/mpl/arg.hpp:25,
                 from ./boost/mpl/placeholders.hpp:24,
                 from ./boost/iterator/iterator_categories.hpp:17,
                 from ./boost/graph/graph_traits.hpp:25,
                 from ./boost/graph/graph_utility.hpp:29,
                 from PathRanker.cpp:27:
./boost/mpl/assert.hpp:187:21: warning: unnecessary parentheses in declaration of ‘assert_arg’ [-Wparentheses]
  187 | failed ************ (Pred::************
      |                     ^~~~~~~~~~~~~~~~~~~
  188 |       assert_arg( void (*)(Pred), typename assert_arg_pred&lt;Pred&gt;::type )
      |       ~~~~~~~~~~~~~~~~~~~~~~~~~~~~~~~~~~~~~~~~~~~~~~~~~~~~~~~~~~~~~~~~~~
  189 |     );
      |     ~                
./boost/mpl/assert.hpp:187:21: note: remove parentheses
  187 | failed ************ (Pred::************
      |                     ^~~~~~~~~~~~~~~~~~~
      |                     -
  188 |       assert_arg( void (*)(Pred), typename assert_arg_pred&lt;Pred&gt;::type )
      |       ~~~~~~~~~~~~~~~~~~~~~~~~~~~~~~~~~~~~~~~~~~~~~~~~~~~~~~~~~~~~~~~~~~
  189 |     );
      |     ~                
      |     -
./boost/mpl/assert.hpp:192:21: warning: unnecessary parentheses in declaration of ‘assert_not_arg’ [-Wparentheses]
  192 | failed ************ (boost::mpl::not_&lt;Pred&gt;::************
      |                     ^~~~~~~~~~~~~~~~~~~~~~~~~~~~~~~~~~~~~
  193 |       assert_not_arg( void (*)(Pred), typename assert_arg_pred_not&lt;Pred&gt;::type )
      |       ~~~~~~~~~~~~~~~~~~~~~~~~~~~~~~~~~~~~~~~~~~~~~~~~~~~~~~~~~~~~~~~~~~~~~~~~~~
  194 |     );
      |     ~                
./boost/mpl/assert.hpp:192:21: note: remove parentheses
  192 | failed ************ (boost::mpl::not_&lt;Pred&gt;::************
      |                     ^~~~~~~~~~~~~~~~~~~~~~~~~~~~~~~~~~~~~
      |                     -
  193 |       assert_not_arg( void (*)(Pred), typename assert_arg_pred_not&lt;Pred&gt;::type )
      |       ~~~~~~~~~~~~~~~~~~~~~~~~~~~~~~~~~~~~~~~~~~~~~~~~~~~~~~~~~~~~~~~~~~~~~~~~~~
  194 |     );
      |     ~                
      |     -
In file included from ./boost/smart_ptr/detail/shared_count.hpp:30,
                 from ./boost/smart_ptr/shared_ptr.hpp:32,
                 from ./boost/shared_ptr.hpp:17,
                 from ./boost/property_map/vector_property_map.hpp:14,
                 from ./boost/property_map/property_map.hpp:844,
                 from ./boost/graph/properties.hpp:19,
                 from ./boost/graph/graph_utility.hpp:30,
                 from PathRanker.cpp:27:
./boost/smart_ptr/detail/sp_counted_impl.hpp:81:41: error: ‘boost::detail::sp_typeinfo’ has not been declared
   81 |     virtual void * get_deleter( detail::sp_typeinfo const &amp; )
      |                                         ^~~~~~~~~~~
./boost/smart_ptr/detail/sp_counted_impl.hpp:156:41: error: ‘boost::detail::sp_typeinfo’ has not been declared
  156 |     virtual void * get_deleter( detail::sp_typeinfo const &amp; ti )
      |                                         ^~~~~~~~~~~
./boost/smart_ptr/detail/sp_counted_impl.hpp: In member function ‘virtual void* boost::detail::sp_counted_impl_pd&lt;P, D&gt;::get_deleter(const int&amp;)’:
./boost/smart_ptr/detail/sp_counted_impl.hpp:158:39: error: expected primary-expression before ‘)’ token
  158 |         return ti == BOOST_SP_TYPEID(D)? &amp;reinterpret_cast&lt;char&amp;&gt;( del ): 0;
      |                                       ^
./boost/smart_ptr/detail/sp_counted_impl.hpp:158:22: error: there are no arguments to ‘BOOST_SP_TYPEID’ that depend on a template parameter, so a declaration of ‘BOOST_SP_TYPEID’ must be available [-fpermissive]
  158 |         return ti == BOOST_SP_TYPEID(D)? &amp;reinterpret_cast&lt;char&amp;&gt;( del ): 0;
      |                      ^~~~~~~~~~~~~~~
./boost/smart_ptr/detail/sp_counted_impl.hpp:158:22: note: (if you use ‘-fpermissive’, G++ will accept your code, but allowing the use of an undeclared name is deprecated)
./boost/smart_ptr/detail/sp_counted_impl.hpp: At global scope:
./boost/smart_ptr/detail/sp_counted_impl.hpp:235:41: error: ‘boost::detail::sp_typeinfo’ has not been declared
  235 |     virtual void * get_deleter( detail::sp_typeinfo const &amp; ti )
      |                                         ^~~~~~~~~~~
./boost/smart_ptr/detail/sp_counted_impl.hpp: In member function ‘virtual void* boost::detail::sp_counted_impl_pda&lt;P, D, A&gt;::get_deleter(const int&amp;)’:
./boost/smart_ptr/detail/sp_counted_impl.hpp:237:41: error: expected primary-expression before ‘)’ token
  237 |         return ti == BOOST_SP_TYPEID( D )? &amp;reinterpret_cast&lt;char&amp;&gt;( d_ ): 0;
      |                                         ^
./boost/smart_ptr/detail/sp_counted_impl.hpp:237:22: error: there are no arguments to ‘BOOST_SP_TYPEID’ that depend on a template parameter, so a declaration of ‘BOOST_SP_TYPEID’ must be available [-fpermissive]
  237 |         return ti == BOOST_SP_TYPEID( D )? &amp;reinterpret_cast&lt;char&amp;&gt;( d_ ): 0;
      |                      ^~~~~~~~~~~~~~~
In file included from ./boost/smart_ptr/shared_ptr.hpp:32,
                 from ./boost/shared_ptr.hpp:17,
                 from ./boost/property_map/vector_property_map.hpp:14,
                 from ./boost/property_map/property_map.hpp:844,
                 from ./boost/graph/properties.hpp:19,
                 from ./boost/graph/graph_utility.hpp:30,
                 from PathRanker.cpp:27:
./boost/smart_ptr/detail/shared_count.hpp: At global scope:
./boost/smart_ptr/detail/shared_count.hpp:446:25: error: ‘sp_typeinfo’ has not been declared
  446 |     void * get_deleter( sp_typeinfo const &amp; ti ) const
      |                         ^~~~~~~~~~~
./boost/smart_ptr/detail/shared_count.hpp: In member function ‘void* boost::detail::shared_count::get_deleter(const int&amp;) const’:
./boost/smart_ptr/detail/shared_count.hpp:448:39: error: cannot convert ‘const int’ to ‘const sp_typeinfo_&amp;’ {aka ‘const std::type_info&amp;’}
  448 |         return pi_? pi_-&gt;get_deleter( ti ): 0;
      |                                       ^~
      |                                       |
      |                                       const int
In file included from ./boost/smart_ptr/detail/sp_counted_base.hpp:60,
                 from ./boost/smart_ptr/detail/shared_count.hpp:29,
                 from ./boost/smart_ptr/shared_ptr.hpp:32,
                 from ./boost/shared_ptr.hpp:17,
                 from ./boost/property_map/vector_property_map.hpp:14,
                 from ./boost/property_map/property_map.hpp:844,
                 from ./boost/graph/properties.hpp:19,
                 from ./boost/graph/graph_utility.hpp:30,
                 from PathRanker.cpp:27:
/usr/include/boost/smart_ptr/detail/sp_counted_base_sync.hpp:119:54: note:   initializing argument 1 of ‘virtual void* boost::detail::sp_counted_base::get_deleter(const sp_typeinfo_&amp;)’
  119 |     virtual void * get_deleter( sp_typeinfo_ const &amp; ti ) = 0;
      |                                 ~~~~~~~~~~~~~~~~~~~~~^~
In file included from ./boost/shared_ptr.hpp:17,
                 from ./boost/property_map/vector_property_map.hpp:14,
                 from ./boost/property_map/property_map.hpp:844,
                 from ./boost/graph/properties.hpp:19,
                 from ./boost/graph/graph_utility.hpp:30,
                 from PathRanker.cpp:27:
./boost/smart_ptr/shared_ptr.hpp: At global scope:
./boost/smart_ptr/shared_ptr.hpp:700:50: error: ‘boost::detail::sp_typeinfo’ has not been declared
  700 |     void * _internal_get_deleter( boost::detail::sp_typeinfo const &amp; ti ) const BOOST_NOEXCEPT
      |                                                  ^~~~~~~~~~~
In file included from ./boost/shared_ptr.hpp:17,
                 from ./boost/property_map/vector_property_map.hpp:14,
                 from ./boost/property_map/property_map.hpp:844,
                 from ./boost/graph/properties.hpp:19,
                 from ./boost/graph/graph_utility.hpp:30,
                 from PathRanker.cpp:27:
./boost/smart_ptr/shared_ptr.hpp: In function ‘D* boost::detail::basic_get_deleter(const boost::shared_ptr&lt;U&gt;&amp;)’:
./boost/smart_ptr/shared_ptr.hpp:892:71: error: expected primary-expression before ‘)’ token
  892 |     return static_cast&lt;D *&gt;( p._internal_get_deleter(BOOST_SP_TYPEID(D)) );
      |                                                                       ^
./boost/smart_ptr/shared_ptr.hpp:892:54: error: there are no arguments to ‘BOOST_SP_TYPEID’ that depend on a template parameter, so a declaration of ‘BOOST_SP_TYPEID’ must be available [-fpermissive]
  892 |     return static_cast&lt;D *&gt;( p._internal_get_deleter(BOOST_SP_TYPEID(D)) );
      |                                                      ^~~~~~~~~~~~~~~
In file included from ./boost/shared_array.hpp:17,
                 from ./boost/graph/detail/d_ary_heap.hpp:20,
                 from ./boost/graph/named_function_params.hpp:24,
                 from ./boost/graph/depth_first_search.hpp:21,
                 from ./boost/graph/graph_utility.hpp:32,
                 from PathRanker.cpp:27:
./boost/smart_ptr/shared_array.hpp: At global scope:
./boost/smart_ptr/shared_array.hpp:223:50: error: ‘boost::detail::sp_typeinfo’ has not been declared
  223 |     void * _internal_get_deleter( boost::detail::sp_typeinfo const &amp; ti ) const
      |                                                  ^~~~~~~~~~~
./boost/smart_ptr/shared_array.hpp: In function ‘D* boost::get_deleter(const boost::shared_array&lt;T&gt;&amp;)’:
./boost/smart_ptr/shared_array.hpp:283:74: error: expected primary-expression before ‘)’ token
  283 |     return static_cast&lt; D * &gt;( p._internal_get_deleter( BOOST_SP_TYPEID(D) ) );
      |                                                                          ^
./boost/smart_ptr/shared_array.hpp:283:57: error: there are no arguments to ‘BOOST_SP_TYPEID’ that depend on a template parameter, so a declaration of ‘BOOST_SP_TYPEID’ must be available [-fpermissive]
  283 |     return static_cast&lt; D * &gt;( p._internal_get_deleter( BOOST_SP_TYPEID(D) ) );
      |                                                         ^~~~~~~~~~~~~~~
make: *** [/home/biocbuild/bbs-3.17-bioc/R/etc/Makeconf:198: PathRanker.o] Error 1
ERROR: compilation failed for package ‘NetPathMiner’
* removing ‘/tmp/RtmpplDDut/Rinst1ad2c97f722eec/NetPathMiner’
      -----------------------------------
ERROR: package installation failed
</PRE>
</DIV></BODY>
</HTML>
