##############################################################################
##############################################################################
###
### Running command:
###
###   /home/biocbuild/bbs-3.17-bioc/R/bin/R CMD build --keep-empty-dirs --no-resave-data FLAMES
###
##############################################################################
##############################################################################


* checking for file ‘FLAMES/DESCRIPTION’ ... OK
* preparing ‘FLAMES’:
* checking DESCRIPTION meta-information ... OK
* cleaning src
* installing the package to build vignettes
      -----------------------------------
* installing *source* package ‘FLAMES’ ...
** using staged installation
** libs
using C compiler: ‘gcc (Ubuntu 11.3.0-1ubuntu1~22.04) 11.3.0’
using C++ compiler: ‘g++ (Ubuntu 11.3.0-1ubuntu1~22.04) 11.3.0’
using C++17
g++ -std=gnu++17 -I"/home/biocbuild/bbs-3.17-bioc/R/include" -DNDEBUG -D_FILE_OFFSET_BITS=64 -I'/home/biocbuild/bbs-3.17-bioc/R/site-library/Rcpp/include' -I'/home/biocbuild/bbs-3.17-bioc/R/site-library/Rhtslib/include' -I'/home/biocbuild/bbs-3.17-bioc/R/site-library/zlibbioc/include' -I/usr/local/include    -fPIC  -g -O2  -Wall -c RcppExports.cpp -o RcppExports.o
g++ -std=gnu++17 -I"/home/biocbuild/bbs-3.17-bioc/R/include" -DNDEBUG -D_FILE_OFFSET_BITS=64 -I'/home/biocbuild/bbs-3.17-bioc/R/site-library/Rcpp/include' -I'/home/biocbuild/bbs-3.17-bioc/R/site-library/Rhtslib/include' -I'/home/biocbuild/bbs-3.17-bioc/R/site-library/zlibbioc/include' -I/usr/local/include    -fPIC  -g -O2  -Wall -c RcppFunctions.cpp -o RcppFunctions.o
In file included from main-functions/../utility/fastq_utils.h:7,
                 from main-functions/match_cell_barcode.h:13,
                 from RcppFunctions.cpp:7:
/home/biocbuild/bbs-3.17-bioc/R/site-library/Rhtslib/include/htslib/kseq.h:185:19: warning: ‘int kseq_read(kseq_t*)’ defined but not used [-Wunused-function]
  185 |         SCOPE int kseq_read(kseq_t *seq) \
      |                   ^~~~~~~~~
/home/biocbuild/bbs-3.17-bioc/R/site-library/Rhtslib/include/htslib/kseq.h:185:19: note: in definition of macro ‘__KSEQ_READ’
  185 |         SCOPE int kseq_read(kseq_t *seq) \
      |                   ^~~~~~~~~
/home/biocbuild/bbs-3.17-bioc/R/site-library/Rhtslib/include/htslib/kseq.h:240:35: note: in expansion of macro ‘KSEQ_INIT2’
  240 | #define KSEQ_INIT(type_t, __read) KSEQ_INIT2(static, type_t, __read)
      |                                   ^~~~~~~~~~
main-functions/../utility/fastq_utils.h:12:1: note: in expansion of macro ‘KSEQ_INIT’
   12 | KSEQ_INIT(gzFile, gzread)
      | ^~~~~~~~~
/home/biocbuild/bbs-3.17-bioc/R/site-library/Rhtslib/include/htslib/kseq.h:171:20: warning: ‘void kseq_destroy(kseq_t*)’ defined but not used [-Wunused-function]
  171 |         SCOPE void kseq_destroy(kseq_t *ks)                                                                     \
      |                    ^~~~~~~~~~~~
/home/biocbuild/bbs-3.17-bioc/R/site-library/Rhtslib/include/htslib/kseq.h:171:20: note: in definition of macro ‘__KSEQ_BASIC’
  171 |         SCOPE void kseq_destroy(kseq_t *ks)                                                                     \
      |                    ^~~~~~~~~~~~
/home/biocbuild/bbs-3.17-bioc/R/site-library/Rhtslib/include/htslib/kseq.h:240:35: note: in expansion of macro ‘KSEQ_INIT2’
  240 | #define KSEQ_INIT(type_t, __read) KSEQ_INIT2(static, type_t, __read)
      |                                   ^~~~~~~~~~
main-functions/../utility/fastq_utils.h:12:1: note: in expansion of macro ‘KSEQ_INIT’
   12 | KSEQ_INIT(gzFile, gzread)
      | ^~~~~~~~~
/home/biocbuild/bbs-3.17-bioc/R/site-library/Rhtslib/include/htslib/kseq.h:165:23: warning: ‘kseq_t* kseq_init(gzFile)’ defined but not used [-Wunused-function]
  165 |         SCOPE kseq_t *kseq_init(type_t fd)                                                                      \
      |                       ^~~~~~~~~
/home/biocbuild/bbs-3.17-bioc/R/site-library/Rhtslib/include/htslib/kseq.h:165:23: note: in definition of macro ‘__KSEQ_BASIC’
  165 |         SCOPE kseq_t *kseq_init(type_t fd)                                                                      \
      |                       ^~~~~~~~~
/home/biocbuild/bbs-3.17-bioc/R/site-library/Rhtslib/include/htslib/kseq.h:240:35: note: in expansion of macro ‘KSEQ_INIT2’
  240 | #define KSEQ_INIT(type_t, __read) KSEQ_INIT2(static, type_t, __read)
      |                                   ^~~~~~~~~~
main-functions/../utility/fastq_utils.h:12:1: note: in expansion of macro ‘KSEQ_INIT’
   12 | KSEQ_INIT(gzFile, gzread)
      | ^~~~~~~~~
g++ -std=gnu++17 -I"/home/biocbuild/bbs-3.17-bioc/R/include" -DNDEBUG -D_FILE_OFFSET_BITS=64 -I'/home/biocbuild/bbs-3.17-bioc/R/site-library/Rcpp/include' -I'/home/biocbuild/bbs-3.17-bioc/R/site-library/Rhtslib/include' -I'/home/biocbuild/bbs-3.17-bioc/R/site-library/zlibbioc/include' -I/usr/local/include    -fPIC  -g -O2  -Wall -c utility/ssw/ssw_cpp.cpp -o utility/ssw/ssw_cpp.o
In file included from utility/ssw/ssw_cpp.cpp:6:
utility/ssw/ssw.h:19:10: fatal error: sse2neon.h: No such file or directory
   19 | #include "sse2neon.h"
      |          ^~~~~~~~~~~~
compilation terminated.
make: *** [/home/biocbuild/bbs-3.17-bioc/R/etc/Makeconf:198: utility/ssw/ssw_cpp.o] Error 1
ERROR: compilation failed for package ‘FLAMES’
* removing ‘/tmp/Rtmp5qmHjC/Rinst16a37c629f2bae/FLAMES’
      -----------------------------------
ERROR: package installation failed
